2024-05-18 13:35:55,929 Showing statistics
2024-05-18 13:35:56,663 Showing statistics
2024-05-18 13:35:57,943 Showing statistics
2024-05-18 13:35:59,213 Showing statistics
2024-05-18 13:36:00,974 Showing statistics
2024-05-18 13:36:02,203 Showing statistics
2024-05-18 19:20:55,554 Car park page showed
2024-05-18 19:22:38,820 Car park page showed
2024-05-18 19:22:40,506 Cat facts showed
2024-05-18 19:23:45,357 Car park page showed
2024-05-18 19:23:46,048 Cat facts showed
2024-05-18 19:23:46,059 Discounts page showed
2024-05-18 19:23:46,071 Fines page showed
2024-05-18 19:23:56,538 Car park page showed
2024-05-18 19:23:57,478 Cat facts showed
2024-05-18 19:23:57,490 Discounts page showed
2024-05-18 19:23:57,502 Fines page showed
2024-05-18 19:24:17,331 Car park page showed
2024-05-18 19:24:18,021 Cat facts showed
2024-05-18 19:24:18,033 Discounts page showed
2024-05-18 19:24:18,045 Fines page showed
2024-05-18 19:24:34,228 Car park page showed
2024-05-18 19:24:34,908 Cat facts showed
2024-05-18 19:24:34,920 Discounts page showed
2024-05-18 19:24:34,933 Fines page showed
2024-05-18 19:24:56,788 Car park page showed
2024-05-18 19:24:57,490 Cat facts showed
2024-05-18 19:24:57,502 Discounts page showed
2024-05-18 19:24:57,514 Fines page showed
2024-05-18 19:25:25,484 Car park page showed
2024-05-18 19:25:26,190 Cat facts showed
2024-05-18 19:25:26,203 Discounts page showed
2024-05-18 19:25:26,215 Fines page showed
2024-05-18 19:27:19,255 Car park page showed
2024-05-18 19:27:20,025 Cat facts showed
2024-05-18 19:27:20,037 Discounts page showed
2024-05-18 19:27:20,048 Fines page showed
2024-05-18 19:27:20,088 Glossary page showed
2024-05-18 19:27:20,101 News list showed
2024-05-18 19:27:20,119 Reviews page showed
2024-05-18 19:29:00,611 Car park page showed
2024-05-18 19:29:01,388 Cat facts showed
2024-05-18 19:29:01,400 Discounts page showed
2024-05-18 19:29:01,413 Fines page showed
2024-05-18 19:29:01,450 Glossary page showed
2024-05-18 19:29:01,464 News list showed
2024-05-18 19:29:01,483 Reviews page showed
2024-05-18 19:29:58,563 Car park page showed
2024-05-18 19:29:59,281 Cat facts showed
2024-05-18 19:29:59,294 Discounts page showed
2024-05-18 19:29:59,328 Fines page showed
2024-05-18 19:29:59,367 Glossary page showed
2024-05-18 19:29:59,381 News list showed
2024-05-18 19:29:59,398 Reviews page showed
2024-05-18 19:30:12,791 Car park page showed
2024-05-18 19:30:13,572 Cat facts showed
2024-05-18 19:30:13,589 Car deleted
2024-05-18 19:30:13,593 Discounts page showed
2024-05-18 19:30:13,628 Fines page showed
2024-05-18 19:30:13,682 Glossary page showed
2024-05-18 19:30:13,695 News list showed
2024-05-18 19:30:13,715 Reviews page showed
2024-05-18 19:30:24,586 Car park page showed
2024-05-18 19:30:25,300 Cat facts showed
2024-05-18 19:30:25,317 Car deleted
2024-05-18 19:30:25,319 Discounts page showed
2024-05-18 19:30:25,351 Fines page showed
2024-05-18 19:30:25,392 Glossary page showed
2024-05-18 19:30:25,405 News list showed
2024-05-18 19:30:25,423 Reviews page showed
2024-05-18 19:49:50,640 Car park page showed
2024-05-18 19:49:51,507 Cat facts showed
2024-05-18 19:49:51,523 Car deleted
2024-05-18 19:49:51,528 Car brand deleted
2024-05-18 19:49:51,533 Discount deleted
2024-05-18 19:49:51,536 Fine deleted
2024-05-18 19:49:51,569 Discounts page showed
2024-05-18 19:49:51,669 Fines page showed
2024-05-18 19:49:51,711 Glossary page showed
2024-05-18 19:49:51,726 News list showed
2024-05-18 19:49:51,746 Reviews page showed
2024-05-18 19:50:09,303 Car park page showed
2024-05-18 19:50:10,208 Cat facts showed
2024-05-18 19:50:10,224 Car deleted
2024-05-18 19:50:10,230 Car brand deleted
2024-05-18 19:50:10,235 Discount deleted
2024-05-18 19:50:10,239 Fine deleted
2024-05-18 19:50:10,248 Discounts page showed
2024-05-18 19:50:10,336 Fines page showed
2024-05-18 19:50:10,375 Glossary page showed
2024-05-18 19:50:10,387 News list showed
2024-05-18 19:50:10,403 Reviews page showed
2024-05-18 19:50:46,055 Car park page showed
2024-05-18 19:50:46,748 Cat facts showed
2024-05-18 19:50:46,767 Car deleted
2024-05-18 19:50:46,773 Car brand deleted
2024-05-18 19:50:46,779 Discount deleted
2024-05-18 19:50:46,785 Fine deleted
2024-05-18 19:50:46,795 Discounts page showed
2024-05-18 19:50:46,908 Fines page showed
2024-05-18 19:50:46,950 Glossary page showed
2024-05-18 19:50:46,963 News list showed
2024-05-18 19:50:46,984 Reviews page showed
2024-05-18 19:51:30,414 Car park page showed
2024-05-18 19:51:31,120 Cat facts showed
2024-05-18 19:51:31,136 Car deleted
2024-05-18 19:51:31,142 Car brand deleted
2024-05-18 19:51:31,147 Discount deleted
2024-05-18 19:51:31,150 Fine deleted
2024-05-18 19:51:31,152 Discounts page showed
2024-05-18 19:51:31,250 Fines page showed
2024-05-18 19:51:31,291 Glossary page showed
2024-05-18 19:51:31,304 News list showed
2024-05-18 19:51:31,321 Reviews page showed
2024-05-18 19:52:29,693 Car park page showed
2024-05-18 19:52:30,391 Cat facts showed
2024-05-18 19:52:30,408 Car deleted
2024-05-18 19:52:30,413 Car brand deleted
2024-05-18 19:52:30,417 Discount deleted
2024-05-18 19:52:30,421 Fine deleted
2024-05-18 19:52:30,423 Discounts page showed
2024-05-18 19:52:30,520 Fines page showed
2024-05-18 19:52:30,560 Glossary page showed
2024-05-18 19:52:30,573 News list showed
2024-05-18 19:52:30,598 Reviews page showed
2024-05-18 19:53:17,034 Car park page showed
2024-05-18 19:53:17,733 Cat facts showed
2024-05-18 19:53:17,749 Car deleted
2024-05-18 19:53:17,754 Car brand deleted
2024-05-18 19:53:17,759 Discount deleted
2024-05-18 19:53:17,763 Fine deleted
2024-05-18 19:53:17,764 Discounts page showed
2024-05-18 19:53:17,863 Fines page showed
2024-05-18 19:53:17,903 Glossary page showed
2024-05-18 19:53:17,930 News list showed
2024-05-18 19:53:17,954 Reviews page showed
2024-05-18 19:54:08,199 Car park page showed
2024-05-18 19:54:08,965 Cat facts showed
2024-05-18 19:54:08,982 Car deleted
2024-05-18 19:54:08,987 Car brand deleted
2024-05-18 19:54:08,993 Discount deleted
2024-05-18 19:54:08,996 Fine deleted
2024-05-18 19:54:08,998 Discounts page showed
2024-05-18 19:54:09,094 Fines page showed
2024-05-18 19:54:09,137 Glossary page showed
2024-05-18 19:54:09,163 News list showed
2024-05-18 19:54:09,186 Reviews page showed
2024-05-18 19:55:44,425 Car park page showed
2024-05-18 19:55:45,329 Cat facts showed
2024-05-18 19:55:45,347 Car deleted
2024-05-18 19:55:45,352 Car brand deleted
2024-05-18 19:55:45,358 Discount deleted
2024-05-18 19:55:45,363 Fine deleted
2024-05-18 19:55:45,364 Discounts page showed
2024-05-18 19:55:45,474 Fines page showed
2024-05-18 19:55:45,513 Glossary page showed
2024-05-18 19:55:45,537 News list showed
2024-05-18 19:55:45,560 Reviews page showed
2024-05-18 19:56:37,504 Car park page showed
2024-05-18 19:56:38,232 Cat facts showed
2024-05-18 19:56:38,249 Car deleted
2024-05-18 19:56:38,255 Car brand deleted
2024-05-18 19:56:38,260 Discount deleted
2024-05-18 19:56:38,264 Fine deleted
2024-05-18 19:56:38,265 Discounts page showed
2024-05-18 19:56:38,366 Fines page showed
2024-05-18 19:56:38,410 Glossary page showed
2024-05-18 19:56:38,438 News list showed
2024-05-18 19:56:38,461 Reviews page showed
2024-05-18 19:57:26,242 Car park page showed
2024-05-18 19:57:27,051 Cat facts showed
2024-05-18 19:57:27,073 Car deleted
2024-05-18 19:57:27,078 Car brand deleted
2024-05-18 19:57:27,084 Discount deleted
2024-05-18 19:57:27,088 Fine deleted
2024-05-18 19:57:27,089 Discounts page showed
2024-05-18 19:57:27,189 Fines page showed
2024-05-18 19:57:27,230 Glossary page showed
2024-05-18 19:57:27,257 News list showed
2024-05-18 19:57:27,279 Reviews page showed
2024-05-18 19:58:20,939 Car park page showed
2024-05-18 19:58:21,633 Cat facts showed
2024-05-18 19:58:21,658 Car deleted
2024-05-18 19:58:21,664 Car brand deleted
2024-05-18 19:58:21,669 Discount deleted
2024-05-18 19:58:21,673 Fine deleted
2024-05-18 19:58:21,674 Discounts page showed
2024-05-18 19:58:21,769 Fines page showed
2024-05-18 19:58:21,807 Glossary page showed
2024-05-18 19:58:21,835 News list showed
2024-05-18 19:58:21,857 Reviews page showed
2024-05-18 19:58:45,016 Car park page showed
2024-05-18 19:58:45,744 Cat facts showed
2024-05-18 19:58:45,767 Car deleted
2024-05-18 19:58:45,772 Car brand deleted
2024-05-18 19:58:45,776 Discount deleted
2024-05-18 19:58:45,780 Fine deleted
2024-05-18 19:58:45,782 Discounts page showed
2024-05-18 19:58:45,878 Fines page showed
2024-05-18 19:58:45,914 Glossary page showed
2024-05-18 19:58:45,938 News list showed
2024-05-18 19:58:45,957 Reviews page showed
2024-05-18 19:58:51,387 Car park page showed
2024-05-18 19:58:52,493 Cat facts showed
2024-05-18 19:58:52,515 Car deleted
2024-05-18 19:58:52,521 Car brand deleted
2024-05-18 19:58:52,526 Discount deleted
2024-05-18 19:58:52,529 Fine deleted
2024-05-18 19:58:52,531 Discounts page showed
2024-05-18 19:58:52,628 Fines page showed
2024-05-18 19:58:52,666 Glossary page showed
2024-05-18 19:58:52,689 News list showed
2024-05-18 19:58:52,708 Reviews page showed
2024-05-18 20:00:09,365 Car park page showed
2024-05-18 20:00:12,856 Cat facts showed
2024-05-18 20:00:12,877 Car deleted
2024-05-18 20:00:12,881 Car brand deleted
2024-05-18 20:00:12,886 Discount deleted
2024-05-18 20:00:12,889 Fine deleted
2024-05-18 20:00:12,890 Discounts page showed
2024-05-18 20:00:13,002 Fines page showed
2024-05-18 20:00:13,045 Glossary page showed
2024-05-18 20:00:13,076 News list showed
2024-05-18 20:00:13,125 Reviews page showed
2024-05-18 20:00:59,867 Car park page showed
2024-05-18 20:01:00,627 Cat facts showed
2024-05-18 20:01:00,649 Car deleted
2024-05-18 20:01:00,654 Car brand deleted
2024-05-18 20:01:00,659 Discount deleted
2024-05-18 20:01:00,662 Fine deleted
2024-05-18 20:01:00,663 Discounts page showed
2024-05-18 20:01:00,765 Fines page showed
2024-05-18 20:01:00,805 Glossary page showed
2024-05-18 20:01:00,834 News list showed
2024-05-18 20:01:00,881 Reviews page showed
2024-05-18 20:01:00,892 Order has been successfuly made
2024-05-18 20:01:35,414 Car park page showed
2024-05-18 20:01:36,231 Cat facts showed
2024-05-18 20:01:36,253 Car deleted
2024-05-18 20:01:36,259 Car brand deleted
2024-05-18 20:01:36,265 Discount deleted
2024-05-18 20:01:36,269 Fine deleted
2024-05-18 20:01:36,270 Discounts page showed
2024-05-18 20:01:36,381 Fines page showed
2024-05-18 20:01:36,428 Glossary page showed
2024-05-18 20:01:36,462 Making order page showed
2024-05-18 20:01:36,481 News list showed
2024-05-18 20:01:36,528 Reviews page showed
2024-05-18 20:01:36,540 Order has been successfuly made
2024-05-18 20:01:51,207 Car park page showed
2024-05-18 20:01:51,929 Cat facts showed
2024-05-18 20:01:51,950 Car deleted
2024-05-18 20:01:51,955 Car brand deleted
2024-05-18 20:01:51,960 Discount deleted
2024-05-18 20:01:51,963 Fine deleted
2024-05-18 20:01:51,964 Discounts page showed
2024-05-18 20:01:52,067 Fines page showed
2024-05-18 20:01:52,108 Glossary page showed
2024-05-18 20:01:52,134 Making order page showed
2024-05-18 20:01:52,150 News list showed
2024-05-18 20:01:52,195 Reviews page showed
2024-05-18 20:01:52,207 Order has been successfuly made
2024-05-18 20:02:46,376 Car park page showed
2024-05-18 20:02:47,121 Cat facts showed
2024-05-18 20:02:47,142 Car deleted
2024-05-18 20:02:47,146 Car brand deleted
2024-05-18 20:02:47,151 Discount deleted
2024-05-18 20:02:47,155 Fine deleted
2024-05-18 20:02:47,156 Discounts page showed
2024-05-18 20:02:47,239 Fines page showed
2024-05-18 20:02:47,281 Glossary page showed
2024-05-18 20:02:47,307 Making order page showed
2024-05-18 20:02:47,325 News list showed
2024-05-18 20:02:47,369 Reviews page showed
2024-05-18 20:02:47,382 Order has been successfuly made
2024-05-18 20:02:58,132 Car park page showed
2024-05-18 20:02:58,842 Cat facts showed
2024-05-18 20:02:58,863 Car deleted
2024-05-18 20:02:58,869 Car brand deleted
2024-05-18 20:02:58,873 Discount deleted
2024-05-18 20:02:58,876 Fine deleted
2024-05-18 20:02:58,877 Discounts page showed
2024-05-18 20:02:58,969 Index page showed
2024-05-18 20:02:58,988 Fines page showed
2024-05-18 20:02:59,030 Glossary page showed
2024-05-18 20:02:59,055 Making order page showed
2024-05-18 20:02:59,072 News list showed
2024-05-18 20:02:59,117 Reviews page showed
2024-05-18 20:02:59,127 Order has been successfuly made
2024-05-18 20:03:36,641 Car park page showed
2024-05-18 20:03:37,623 Cat facts showed
2024-05-18 20:03:37,645 Car deleted
2024-05-18 20:03:37,654 Car brand deleted
2024-05-18 20:03:37,659 Discount deleted
2024-05-18 20:03:37,663 Fine deleted
2024-05-18 20:03:37,665 Discounts page showed
2024-05-18 20:03:37,749 Index page showed
2024-05-18 20:03:37,767 Fines page showed
2024-05-18 20:03:37,807 Glossary page showed
2024-05-18 20:03:37,833 Making order page showed
2024-05-18 20:03:37,852 News list showed
2024-05-18 20:03:37,898 Reviews page showed
2024-05-18 20:03:37,910 Order has been successfuly made
2024-05-18 20:03:56,374 Car park page showed
2024-05-18 20:03:57,226 Cat facts showed
2024-05-18 20:03:57,245 Car deleted
2024-05-18 20:03:57,251 Car brand deleted
2024-05-18 20:03:57,257 Discount deleted
2024-05-18 20:03:57,261 Fine deleted
2024-05-18 20:03:57,263 Discounts page showed
2024-05-18 20:03:57,350 Index page showed
2024-05-18 20:03:57,399 Fines page showed
2024-05-18 20:03:57,438 Glossary page showed
2024-05-18 20:03:57,462 Making order page showed
2024-05-18 20:03:57,477 News list showed
2024-05-18 20:03:57,516 Reviews page showed
2024-05-18 20:03:57,527 Order has been successfuly made
2024-05-18 20:04:19,052 Car park page showed
2024-05-18 20:04:19,764 Cat facts showed
2024-05-18 20:04:19,784 Car deleted
2024-05-18 20:04:19,790 Car brand deleted
2024-05-18 20:04:19,797 Discount deleted
2024-05-18 20:04:19,801 Fine deleted
2024-05-18 20:04:19,802 Discounts page showed
2024-05-18 20:04:19,815 About page showed
2024-05-18 20:04:19,895 Index page showed
2024-05-18 20:04:19,937 Fines page showed
2024-05-18 20:04:19,978 Glossary page showed
2024-05-18 20:04:20,003 Making order page showed
2024-05-18 20:04:20,020 News list showed
2024-05-18 20:04:20,064 Reviews page showed
2024-05-18 20:04:20,076 Order has been successfuly made
2024-05-18 20:04:55,219 Car park page showed
2024-05-18 20:04:55,936 Cat facts showed
2024-05-18 20:04:55,957 Car deleted
2024-05-18 20:04:55,962 Car brand deleted
2024-05-18 20:04:55,966 Discount deleted
2024-05-18 20:04:55,970 Fine deleted
2024-05-18 20:04:55,972 Discounts page showed
2024-05-18 20:04:55,983 About page showed
2024-05-18 20:04:56,067 Index page showed
2024-05-18 20:04:56,108 Fines page showed
2024-05-18 20:04:56,149 Glossary page showed
2024-05-18 20:04:56,175 Making order page showed
2024-05-18 20:04:56,192 News list showed
2024-05-18 20:04:56,232 Reviews page showed
2024-05-18 20:04:56,244 Order has been successfuly made
2024-05-18 20:05:10,466 Car park page showed
2024-05-18 20:05:11,226 Cat facts showed
2024-05-18 20:05:11,247 Car deleted
2024-05-18 20:05:11,255 Car brand deleted
2024-05-18 20:05:11,259 Discount deleted
2024-05-18 20:05:11,263 Fine deleted
2024-05-18 20:05:11,264 Discounts page showed
2024-05-18 20:05:11,279 About page showed
2024-05-18 20:05:11,363 Index page showed
2024-05-18 20:05:11,403 Fines page showed
2024-05-18 20:05:11,442 Glossary page showed
2024-05-18 20:05:11,466 Making order page showed
2024-05-18 20:05:11,480 News list showed
2024-05-18 20:05:11,520 Reviews page showed
2024-05-18 20:05:11,531 Order has been successfuly made
2024-05-18 20:06:10,521 Car park page showed
2024-05-18 20:06:11,297 Cat facts showed
2024-05-18 20:06:11,320 Car deleted
2024-05-18 20:06:11,325 Car brand deleted
2024-05-18 20:06:11,330 Discount deleted
2024-05-18 20:06:11,334 Fine deleted
2024-05-18 20:06:11,335 Discounts page showed
2024-05-18 20:06:11,347 About page showed
2024-05-18 20:06:11,394 Contacts page showed
2024-05-18 20:06:11,441 Index page showed
2024-05-18 20:06:11,458 Privacy policy page showed
2024-05-18 20:06:11,473 Vacancies page showed
2024-05-18 20:06:11,506 Fines page showed
2024-05-18 20:06:11,546 Glossary page showed
2024-05-18 20:06:11,568 Making order page showed
2024-05-18 20:06:11,583 News list showed
2024-05-18 20:06:11,624 Reviews page showed
2024-05-18 20:06:11,634 Order has been successfuly made
2024-05-18 20:08:03,669 Car park page showed
2024-05-18 20:08:04,472 Cat facts showed
2024-05-18 20:08:04,492 Car deleted
2024-05-18 20:08:04,497 Car brand deleted
2024-05-18 20:08:04,502 Discount deleted
2024-05-18 20:08:04,507 Fine deleted
2024-05-18 20:08:04,509 Discounts page showed
2024-05-18 20:08:04,522 About page showed
2024-05-18 20:08:04,572 Contacts page showed
2024-05-18 20:08:04,627 Index page showed
2024-05-18 20:08:04,650 Privacy policy page showed
2024-05-18 20:08:04,663 Vacancies page showed
2024-05-18 20:08:04,699 Fines page showed
2024-05-18 20:08:04,755 Glossary page showed
2024-05-18 20:08:04,784 Making order page showed
2024-05-18 20:08:04,799 News list showed
2024-05-18 20:08:04,839 Reviews page showed
2024-05-18 20:08:04,851 Order has been successfuly made
2024-05-18 20:08:37,118 Car park page showed
2024-05-18 20:08:37,822 Cat facts showed
2024-05-18 20:08:37,843 Car deleted
2024-05-18 20:08:37,849 Car brand deleted
2024-05-18 20:08:37,853 Discount deleted
2024-05-18 20:08:37,856 Fine deleted
2024-05-18 20:08:37,858 Discounts page showed
2024-05-18 20:08:37,868 About page showed
2024-05-18 20:08:37,912 Contacts page showed
2024-05-18 20:08:37,958 Index page showed
2024-05-18 20:08:37,973 Privacy policy page showed
2024-05-18 20:08:37,988 Vacancies page showed
2024-05-18 20:08:38,019 Fines page showed
2024-05-18 20:08:38,063 Glossary page showed
2024-05-18 20:08:38,095 Making order page showed
2024-05-18 20:08:38,109 News list showed
2024-05-18 20:08:38,152 Reviews page showed
2024-05-18 20:08:38,162 Order has been successfuly made
2024-05-18 20:10:45,178 Car park page showed
2024-05-18 20:10:45,885 Cat facts showed
2024-05-18 20:10:45,902 Car deleted
2024-05-18 20:10:45,907 Car brand deleted
2024-05-18 20:10:45,911 Discount deleted
2024-05-18 20:10:45,915 Fine deleted
2024-05-18 20:10:45,916 Discounts page showed
2024-05-18 20:10:46,014 Fines page showed
2024-05-18 20:10:46,055 Glossary page showed
2024-05-18 20:10:46,068 News list showed
2024-05-18 20:10:46,086 Reviews page showed
2024-05-18 20:10:46,125 About page showed
2024-05-18 20:10:46,135 Contacts page showed
2024-05-18 20:10:46,151 Index page showed
2024-05-18 20:10:46,168 Privacy policy page showed
2024-05-18 20:10:46,182 Vacancies page showed
2024-05-18 20:10:46,214 Making order page showed
2024-05-18 20:10:46,256 Order has been successfuly made
2024-05-18 20:11:21,026 Car park page showed
2024-05-18 20:11:21,777 Cat facts showed
2024-05-18 20:11:21,794 Car deleted
2024-05-18 20:11:21,800 Car brand deleted
2024-05-18 20:11:21,805 Discount deleted
2024-05-18 20:11:21,809 Fine deleted
2024-05-18 20:11:21,811 Discounts page showed
2024-05-18 20:11:21,908 Fines page showed
2024-05-18 20:11:21,948 Glossary page showed
2024-05-18 20:11:21,962 News list showed
2024-05-18 20:11:21,980 Reviews page showed
2024-05-18 20:11:22,019 About page showed
2024-05-18 20:11:22,031 Contacts page showed
2024-05-18 20:11:22,045 Index page showed
2024-05-18 20:11:22,060 Privacy policy page showed
2024-05-18 20:11:22,071 Vacancies page showed
2024-05-18 20:11:22,098 Making order page showed
2024-05-18 20:11:22,134 Order has been successfuly made
2024-05-18 20:12:06,481 Car park page showed
2024-05-18 20:12:07,179 Cat facts showed
2024-05-18 20:12:07,202 Car deleted
2024-05-18 20:12:07,209 Car brand deleted
2024-05-18 20:12:07,214 Discount deleted
2024-05-18 20:12:07,219 Fine deleted
2024-05-18 20:12:07,222 Discounts page showed
2024-05-18 20:12:07,235 About page showed
2024-05-18 20:12:07,281 Contacts page showed
2024-05-18 20:12:07,328 Index page showed
2024-05-18 20:12:07,344 Privacy policy page showed
2024-05-18 20:12:07,359 Vacancies page showed
2024-05-18 20:12:07,391 Fines page showed
2024-05-18 20:12:07,429 Glossary page showed
2024-05-18 20:12:07,457 Making order page showed
2024-05-18 20:12:07,472 News list showed
2024-05-18 20:12:07,514 Reviews page showed
2024-05-18 20:12:07,526 Order has been successfuly made
2024-05-18 20:13:57,909 Car park page showed
2024-05-18 20:13:58,643 Cat facts showed
2024-05-18 20:13:58,662 Car deleted
2024-05-18 20:13:58,668 Car brand deleted
2024-05-18 20:13:58,672 Discount deleted
2024-05-18 20:13:58,676 Fine deleted
2024-05-18 20:13:58,677 Discounts page showed
2024-05-18 20:13:58,690 About page showed
2024-05-18 20:13:58,737 Contacts page showed
2024-05-18 20:13:58,831 Index page showed
2024-05-18 20:13:58,864 Privacy policy page showed
2024-05-18 20:13:58,887 Vacancies page showed
2024-05-18 20:13:58,942 Fines page showed
2024-05-18 20:13:58,996 Glossary page showed
2024-05-18 20:13:59,030 Making order page showed
2024-05-18 20:13:59,048 News list showed
2024-05-18 20:13:59,094 Reviews page showed
2024-05-18 20:13:59,108 Order has been successfuly made
2024-05-18 20:14:17,012 Car park page showed
2024-05-18 20:14:17,813 Cat facts showed
2024-05-18 20:14:17,840 Car deleted
2024-05-18 20:14:17,845 Car brand deleted
2024-05-18 20:14:17,850 Discount deleted
2024-05-18 20:14:17,853 Fine deleted
2024-05-18 20:14:17,855 Discounts page showed
2024-05-18 20:14:17,877 About page showed
2024-05-18 20:14:17,944 Contacts page showed
2024-05-18 20:14:18,017 Index page showed
2024-05-18 20:14:18,047 Privacy policy page showed
2024-05-18 20:14:18,066 Vacancies page showed
2024-05-18 20:14:18,112 Fines page showed
2024-05-18 20:14:18,167 Glossary page showed
2024-05-18 20:14:18,206 Making order page showed
2024-05-18 20:14:18,230 News list showed
2024-05-18 20:14:18,298 Reviews page showed
2024-05-18 20:14:18,317 Order has been successfuly made
2024-05-18 20:24:36,558 Index page showed
2024-05-18 20:24:38,859 User successfuly logout
2024-05-18 20:24:43,271 User successfuly login
2024-05-18 20:24:43,300 Index page showed
2024-05-18 20:26:17,491 User profile showed
2024-05-18 20:26:59,230 Car park page showed
2024-05-18 20:26:59,787 Index page showed
2024-05-18 20:27:00,319 Car park page showed
2024-05-18 20:27:07,070 Contacts page showed
2024-05-18 20:27:25,532 Discounts page showed
2024-05-18 20:27:30,757 Fines page showed
2024-05-18 20:27:37,448 Reviews page showed
2024-05-18 20:27:43,157 Vacancies page showed
2024-05-18 20:27:48,291 Glossary page showed
2024-05-18 20:27:53,363 News list showed
2024-05-18 20:27:59,698 Cat facts showed
2024-05-18 20:28:05,162 About page showed
2024-05-18 20:28:12,481 List orders showed
2024-05-18 20:28:15,362 User profile showed
2024-05-18 20:28:16,883 User profile showed
2024-05-18 20:28:17,581 Car park page showed
2024-05-18 20:28:25,486 User successfuly logout
2024-05-18 20:28:29,347 User successfuly login
2024-05-18 20:28:29,372 Index page showed
2024-05-18 20:28:29,817 User profile showed
2024-05-18 20:28:30,355 List orders showed for worker
2024-05-18 20:28:37,489 User successfuly logout
2024-05-18 20:28:40,461 User successfuly login
2024-05-18 20:28:40,488 Index page showed
2024-05-18 20:28:42,667 Showing users list
2024-05-18 20:28:44,023 Car body types list showed
2024-05-18 20:28:45,358 Car brand deleted
2024-05-18 20:28:46,310 Showing statistics
2024-05-18 20:28:46,680 Car park page showed
2024-05-18 20:28:47,875 Showing statistics
2024-05-18 20:28:49,729 Car brand deleted
2024-05-18 20:28:50,207 Showing statistics
2024-05-18 20:28:51,099 Car brand deleted
2024-05-18 20:28:51,469 Showing statistics
2024-05-18 20:28:56,214 Car park page showed
2024-05-18 20:28:59,029 Showing users list
2024-05-18 20:29:08,822 Showing users list
2024-05-18 20:29:09,191 Car body types list showed
2024-05-18 20:29:14,420 Car brand deleted
2024-05-18 20:29:20,126 Showing statistics
2024-05-18 20:29:34,661 Showing users list
2024-05-18 20:29:35,443 Car body types list showed
2024-05-18 20:29:37,339 Car brand deleted
2024-05-18 20:29:37,837 Cat facts showed
2024-05-18 20:29:38,520 Car park page showed
2024-05-18 20:29:38,804 Car park page showed
2024-05-18 20:29:42,486 Car park page showed
2024-05-18 20:29:45,034 Car park page showed
2024-05-18 20:29:47,889 Car park page showed
2024-05-18 20:29:48,662 Car park page showed
2024-05-18 20:29:49,605 User successfuly logout
2024-05-18 20:29:57,732 Index page showed
2024-05-18 20:30:14,821 User successfuly login
2024-05-18 20:30:14,846 Index page showed
2024-05-18 20:42:00,794 Car park page showed
2024-05-18 20:42:01,595 Cat facts showed
2024-05-18 20:42:01,617 Car deleted
2024-05-18 20:42:01,623 Car brand deleted
2024-05-18 20:42:01,627 Discount deleted
2024-05-18 20:42:01,630 Fine deleted
2024-05-18 20:42:01,633 Discounts page showed
2024-05-18 20:42:01,644 About page showed
2024-05-18 20:42:01,689 Contacts page showed
2024-05-18 20:42:01,741 Index page showed
2024-05-18 20:42:01,759 Privacy policy page showed
2024-05-18 20:42:01,774 Vacancies page showed
2024-05-18 20:42:01,810 Fines page showed
2024-05-18 20:42:01,855 Glossary page showed
2024-05-18 20:42:01,884 Making order page showed
2024-05-18 20:42:01,901 News list showed
2024-05-18 20:42:01,941 Reviews page showed
2024-05-18 20:42:01,952 Order has been successfuly made
2024-05-18 20:44:27,814 Car park page showed
2024-05-18 20:44:28,951 Cat facts showed
2024-05-18 20:44:28,971 Car deleted
2024-05-18 20:44:28,977 Car brand deleted
2024-05-18 20:44:28,981 Discount deleted
2024-05-18 20:44:28,985 Fine deleted
2024-05-18 20:44:28,986 Discounts page showed
2024-05-18 20:44:28,998 About page showed
2024-05-18 20:44:29,054 Contacts page showed
2024-05-18 20:44:29,103 Index page showed
2024-05-18 20:44:29,118 Privacy policy page showed
2024-05-18 20:44:29,132 Vacancies page showed
2024-05-18 20:44:29,166 Fines page showed
2024-05-18 20:44:29,206 Glossary page showed
2024-05-18 20:44:29,233 Making order page showed
2024-05-18 20:44:29,248 News list showed
2024-05-18 20:44:29,299 Reviews page showed
2024-05-18 20:44:29,311 Order has been successfuly made
2024-05-18 20:44:43,635 Car park page showed
2024-05-18 20:44:45,151 Cat facts showed
2024-05-18 20:44:45,171 Car deleted
2024-05-18 20:44:45,176 Car brand deleted
2024-05-18 20:44:45,181 Discount deleted
2024-05-18 20:44:45,185 Fine deleted
2024-05-18 20:44:45,186 Discounts page showed
2024-05-18 20:44:45,198 About page showed
2024-05-18 20:44:45,245 Contacts page showed
2024-05-18 20:44:45,293 Index page showed
2024-05-18 20:44:45,309 Privacy policy page showed
2024-05-18 20:44:45,323 Vacancies page showed
2024-05-18 20:44:45,359 Fines page showed
2024-05-18 20:44:45,401 Glossary page showed
2024-05-18 20:44:45,431 Making order page showed
2024-05-18 20:44:45,446 News list showed
2024-05-18 20:44:45,490 Reviews page showed
2024-05-18 20:44:45,501 Order has been successfuly made
2024-05-18 20:45:01,708 Car park page showed
2024-05-18 20:45:03,211 Cat facts showed
2024-05-18 20:45:03,231 Car deleted
2024-05-18 20:45:03,236 Car brand deleted
2024-05-18 20:45:03,240 Discount deleted
2024-05-18 20:45:03,244 Fine deleted
2024-05-18 20:45:03,245 Discounts page showed
2024-05-18 20:45:03,257 About page showed
2024-05-18 20:45:03,302 Contacts page showed
2024-05-18 20:45:03,349 Index page showed
2024-05-18 20:45:03,366 Privacy policy page showed
2024-05-18 20:45:03,379 Vacancies page showed
2024-05-18 20:45:03,413 Fines page showed
2024-05-18 20:45:03,464 Glossary page showed
2024-05-18 20:45:03,496 Making order page showed
2024-05-18 20:45:03,512 News list showed
2024-05-18 20:45:03,557 Reviews page showed
2024-05-18 20:45:03,569 Order has been successfuly made
2024-05-24 00:42:07,332 Index page showed
2024-05-24 00:42:09,561 Index page showed
2024-05-24 00:42:10,226 Car park page showed
2024-05-24 00:42:11,897 Contacts page showed
2024-05-24 00:42:12,393 Car park page showed
2024-05-24 00:42:13,125 Car park page showed
2024-05-24 00:42:19,210 Showing users list
2024-05-24 00:42:19,623 Car body types list showed
2024-05-24 00:42:20,433 Showing users list
2024-05-24 00:42:21,991 Showing statistics
2024-05-24 00:42:28,663 Index page showed
2024-05-24 00:42:29,374 Car park page showed
2024-05-24 00:42:30,273 Index page showed
2024-05-24 00:42:30,903 Contacts page showed
2024-05-24 00:42:31,615 Car park page showed
2024-05-24 00:42:36,306 Car park page showed
2024-05-24 00:42:37,792 Car park page showed
2024-05-24 00:42:39,939 Car park page showed
2024-05-24 00:42:41,160 Car park page showed
2024-05-24 00:42:41,950 Car park page showed
2024-05-24 00:42:43,109 Car park page showed
2024-05-24 00:42:44,607 Car park page showed
2024-05-24 00:42:46,260 Car park page showed
2024-05-24 00:42:47,088 Car park page showed
2024-05-24 00:42:51,502 Car park page showed
2024-05-24 00:42:52,815 Index page showed
2024-05-24 00:42:53,972 Privacy policy page showed
2024-05-24 00:42:54,449 About page showed
2024-05-24 00:42:55,246 Index page showed
2024-05-24 00:42:59,101 Car park page showed
2024-05-24 00:43:00,522 Contacts page showed
2024-05-24 00:43:01,558 News list showed
2024-05-24 00:43:02,781 Cat facts showed
2024-05-24 00:43:03,384 News list showed
2024-05-24 00:43:09,413 Glossary page showed
2024-05-24 00:43:09,841 News list showed
2024-05-24 00:43:10,536 Vacancies page showed
2024-05-24 00:43:11,626 Glossary page showed
2024-05-24 00:43:12,215 Reviews page showed
2024-05-24 00:43:13,082 Car body types list showed
2024-05-24 00:43:14,044 Reviews page showed
2024-05-24 00:43:15,021 Fines page showed
2024-05-24 00:43:15,937 Reviews page showed
2024-05-24 00:43:20,327 Index page showed
2024-05-24 00:43:21,272 Reviews page showed
2024-05-24 00:44:00,868 Reviews page showed
2024-05-24 00:44:02,014 Index page showed
2024-05-24 00:44:03,941 User successfuly logout
2024-05-24 00:44:08,050 User successfuly login
2024-05-24 00:44:08,076 Index page showed
2024-05-24 00:44:08,845 Fines page showed
2024-05-24 00:44:09,270 Discounts page showed
2024-05-24 00:44:10,534 User profile showed
2024-05-24 00:44:13,252 Index page showed
2024-05-24 00:44:14,290 Car park page showed
2024-05-24 00:44:14,630 Contacts page showed
2024-05-24 00:44:15,382 Car park page showed
2024-05-24 00:44:16,792 Index page showed
2024-05-24 00:44:17,168 Car park page showed
2024-05-24 00:44:18,619 Car park page showed
2024-05-24 00:44:19,617 Car park page showed
2024-05-24 00:44:20,532 Car park page showed
2024-05-24 00:44:21,701 Index page showed
2024-05-24 00:44:27,813 News list showed
2024-05-24 00:44:28,293 Glossary page showed
2024-05-24 00:44:29,104 Index page showed
2024-05-24 00:46:34,512 Car park page showed
2024-05-24 00:46:34,840 Contacts page showed
2024-05-24 00:46:35,148 Discounts page showed
2024-05-24 00:46:35,683 Fines page showed
2024-05-24 00:46:36,217 Discounts page showed
2024-05-24 00:46:37,656 Index page showed
2024-05-24 00:46:43,997 Car park page showed
2024-05-24 00:46:44,422 Index page showed
2024-05-24 00:47:14,288 Car park page showed
2024-05-24 00:47:15,776 Car park page showed
2024-05-24 00:47:16,500 Index page showed
2024-05-24 00:47:16,783 Car park page showed
2024-05-24 00:47:17,032 Contacts page showed
2024-05-24 00:47:17,299 Discounts page showed
2024-05-24 00:47:17,662 Index page showed
2024-05-24 12:47:29,516 Index page showed
2024-05-24 12:47:31,950 Car park page showed
2024-05-24 12:47:34,490 Index page showed
2024-05-24 12:47:35,372 User profile showed
2024-05-24 12:47:39,396 Index page showed
2024-05-24 12:51:32,722 Index page showed
2024-05-24 12:51:36,079 Car park page showed
2024-05-24 12:51:43,719 Contacts page showed
2024-05-24 12:51:51,667 Discounts page showed
2024-05-24 12:51:57,207 Fines page showed
2024-05-24 12:52:00,048 Reviews page showed
2024-05-24 12:52:32,755 Form is invalid
2024-05-24 12:52:43,457 Review page showed
2024-05-24 12:52:43,462 Reviews page showed
2024-05-24 12:53:02,240 Car park page showed
2024-05-24 12:53:04,785 Car park page showed
2024-05-24 12:53:04,799 Making order page showed
2024-05-24 12:53:19,439 Making order page showed
2024-05-24 12:53:19,479 Order has been successfuly made
2024-05-24 12:53:29,440 User successfuly logout
2024-05-24 12:53:34,704 User successfuly login
2024-05-24 12:53:34,755 Index page showed
2024-05-24 12:53:35,820 List orders showed for worker
2024-05-24 12:53:41,729 Worker give fine to order
2024-05-24 12:53:41,741 List orders showed for worker
2024-05-24 12:53:53,477 List orders showed for worker
2024-05-24 12:54:02,053 Worker give fine to order
2024-05-24 12:54:02,069 List orders showed for worker
2024-05-24 12:54:31,699 User successfuly logout
2024-05-24 12:54:36,058 User successfuly login
2024-05-24 12:54:36,101 Index page showed
2024-05-24 12:54:47,399 List orders showed
2024-05-24 12:54:49,520 Car park page showed
2024-05-24 12:55:15,793 Car park page showed
2024-05-24 12:55:18,869 List orders showed
2024-05-24 12:55:20,215 Car park page showed
2024-05-24 12:55:27,251 User successfuly logout
2024-05-24 12:55:30,763 User successfuly login
2024-05-24 12:55:30,814 Index page showed
2024-05-24 12:55:32,587 Showing statistics
2024-05-24 12:55:47,942 User successfuly logout
2024-09-10 00:53:14,534 Index page showed
2024-09-10 00:53:16,762 Car park page showed
2024-09-10 00:53:17,377 Index page showed
2024-09-10 00:53:18,109 Contacts page showed
2024-09-10 00:53:21,264 Reviews page showed
2024-09-10 00:53:21,690 Vacancies page showed
2024-09-10 00:53:22,056 News list showed
2024-09-10 00:53:22,852 Glossary page showed
2024-09-10 00:53:24,309 About page showed
2024-09-10 00:53:24,638 Cat facts showed
2024-09-10 00:53:25,489 Cat facts showed
2024-09-10 00:53:26,040 Cat facts showed
2024-09-10 00:53:26,689 News list showed
2024-09-10 00:53:28,058 Cat facts showed
2024-09-10 00:53:28,483 Cat facts showed
2024-09-10 00:53:28,697 Cat facts showed
2024-09-10 00:53:28,864 Cat facts showed
2024-09-10 00:53:28,982 Cat facts showed
2024-09-10 00:53:30,639 Privacy policy page showed
2024-09-10 00:53:32,022 Car park page showed
2024-09-10 00:53:32,522 Index page showed
2024-09-10 00:53:33,085 Car park page showed
2024-09-10 00:53:34,640 Car park page showed
2024-09-10 00:53:35,747 Car park page showed
2024-09-10 00:53:36,958 Car park page showed
2024-09-10 00:53:37,560 Contacts page showed
2024-09-10 00:53:38,048 Discounts page showed
2024-09-10 00:53:38,553 Fines page showed
2024-09-10 00:53:51,612 Contacts page showed
2024-09-10 00:54:47,378 Contacts page showed
2024-09-10 00:54:48,698 Contacts page showed
2024-09-10 00:54:49,000 Discounts page showed
2024-09-10 00:54:50,011 Index page showed
2024-09-10 00:55:04,671 Index page showed
2024-09-10 01:10:18,696 User successfuly login
2024-09-10 01:10:18,730 Index page showed
2024-09-10 01:10:19,926 User profile showed
2024-09-10 01:10:21,068 List orders showed for worker
2024-09-10 01:10:22,557 User successfuly logout
2024-09-10 01:10:24,444 Index page showed
2024-09-10 01:10:31,907 User successfuly login
2024-09-10 01:10:31,937 Index page showed
2024-09-10 01:10:33,397 User profile showed
2024-09-10 01:10:34,617 User successfuly logout
2024-09-10 01:14:39,898 Index page showed
2024-09-10 01:14:41,329 Index page showed
2024-09-10 01:14:42,079 Car park page showed
2024-09-10 01:14:42,415 Contacts page showed
2024-09-10 01:14:42,883 Index page showed
2024-09-10 01:14:43,390 Car park page showed
2024-09-10 01:14:43,771 Contacts page showed
2024-09-10 01:14:44,140 Index page showed
2024-09-10 01:15:49,409 Index page showed
2024-09-10 01:16:42,405 Index page showed
2024-09-10 01:16:42,999 Index page showed
2024-09-10 01:16:43,294 Index page showed
2024-09-10 01:16:43,577 Index page showed
2024-09-10 01:16:49,458 Index page showed
2024-09-10 01:16:49,990 Index page showed
2024-09-10 01:16:50,289 Index page showed
2024-09-10 01:16:57,349 Index page showed
2024-09-10 01:16:57,928 Index page showed
2024-09-10 01:16:58,210 Index page showed
2024-09-10 01:16:58,496 Index page showed
2024-09-10 01:17:28,043 Index page showed
2024-09-10 01:17:28,841 Index page showed
2024-09-10 01:17:48,422 Index page showed
2024-09-10 01:17:56,522 Index page showed
2024-09-10 01:24:41,886 Index page showed
2024-09-10 01:24:45,189 Cat facts showed
2024-09-10 01:24:47,298 Index page showed
2024-09-10 01:25:01,871 Index page showed
2024-09-10 01:25:15,461 Index page showed
2024-09-10 01:25:21,172 Index page showed
2024-09-10 01:25:21,935 Index page showed
2024-09-10 01:25:25,270 Index page showed
2024-09-10 01:25:25,668 Index page showed
2024-09-10 01:26:11,312 Index page showed
2024-09-10 01:28:43,923 Index page showed
2024-09-10 01:29:52,982 Index page showed
2024-09-10 01:30:01,578 Index page showed
2024-09-10 01:30:03,654 Index page showed
2024-09-10 01:30:04,076 Index page showed
2024-09-10 01:30:38,665 Index page showed
2024-09-10 01:30:43,469 Index page showed
2024-09-10 01:30:47,231 Index page showed
2024-09-10 01:30:59,156 Index page showed
2024-09-10 01:31:04,225 Index page showed
2024-09-10 01:31:17,495 Index page showed
2024-09-10 01:31:24,622 Index page showed
2024-09-10 01:31:50,056 Index page showed
2024-09-10 01:31:59,721 Index page showed
2024-09-10 01:32:00,287 Index page showed
2024-09-10 01:32:00,581 Index page showed
2024-09-10 01:32:15,272 Index page showed
2024-09-10 01:32:33,983 Index page showed
2024-09-10 01:32:42,019 Index page showed
2024-09-10 01:32:42,626 Index page showed
2024-09-10 01:32:43,060 Index page showed
2024-09-10 01:33:10,412 Index page showed
2024-09-10 01:33:38,661 Index page showed
2024-09-10 01:33:42,648 Index page showed
2024-09-10 01:33:48,772 Index page showed
2024-09-10 01:33:51,318 Index page showed
2024-09-10 01:33:51,938 Car park page showed
2024-09-10 01:33:52,950 Index page showed
2024-09-10 01:34:40,427 Index page showed
2024-09-10 01:34:43,286 Index page showed
2024-09-10 01:34:43,516 Index page showed
2024-09-10 01:34:44,110 Index page showed
2024-09-10 01:34:53,131 Index page showed
2024-09-10 01:34:53,780 Index page showed
2024-09-10 01:35:47,164 Index page showed
2024-09-10 01:37:03,695 Index page showed
2024-09-10 01:37:04,343 Index page showed
2024-09-10 01:37:32,267 Index page showed
2024-09-10 01:37:59,339 Index page showed
2024-09-10 01:38:05,336 Index page showed
2024-09-10 01:38:14,002 Index page showed
2024-09-10 01:38:25,412 Index page showed
2024-09-10 01:38:33,138 Index page showed
2024-09-10 01:38:34,474 Index page showed
2024-09-10 01:38:46,678 Index page showed
2024-09-10 01:39:06,461 Index page showed
2024-09-10 01:39:07,005 Index page showed
2024-09-10 01:39:07,337 Index page showed
2024-09-10 01:39:09,840 Index page showed
2024-09-10 01:39:19,093 Index page showed
2024-09-10 01:39:29,398 Index page showed
2024-09-10 01:39:32,610 Car park page showed
2024-09-10 01:39:33,179 Contacts page showed
2024-09-10 01:39:33,590 Index page showed
2024-09-10 01:40:05,242 Index page showed
2024-09-10 01:40:10,819 User successfuly login
2024-09-10 01:40:10,853 Index page showed
2024-09-10 01:40:12,672 Index page showed
2024-09-10 01:40:14,271 User successfuly logout
2024-09-10 01:40:15,114 Index page showed
2024-09-10 01:41:25,804 Index page showed
2024-09-10 01:41:54,922 Index page showed
2024-09-10 01:42:37,711 Index page showed
2024-09-10 01:42:39,084 Index page showed
2024-09-10 01:42:55,392 Index page showed
2024-09-10 01:42:56,022 Index page showed
2024-09-10 01:42:56,508 Index page showed
2024-09-10 01:43:19,828 Index page showed
2024-09-10 01:44:08,485 Index page showed
2024-09-10 01:44:11,108 Index page showed
2024-09-10 01:44:12,223 Index page showed
2024-09-10 01:44:12,608 Car park page showed
2024-09-10 01:44:14,596 Index page showed
2024-09-10 01:45:09,003 Index page showed
2024-09-10 01:45:11,870 Car park page showed
2024-09-10 01:45:12,244 Index page showed
2024-09-10 01:45:13,567 Contacts page showed
2024-09-10 01:45:14,073 Index page showed
2024-09-10 01:45:18,962 Index page showed
2024-09-10 01:45:19,632 Index page showed
2024-09-10 01:45:21,435 Glossary page showed
2024-09-10 01:45:21,838 Vacancies page showed
2024-09-10 01:45:22,483 Index page showed
2024-09-10 01:45:23,028 Car park page showed
2024-09-10 01:45:23,705 Index page showed
2024-09-10 01:45:26,205 Privacy policy page showed
2024-09-10 01:45:27,062 Car park page showed
2024-09-10 01:45:27,445 Index page showed
2024-09-10 01:45:30,665 Car park page showed
2024-09-10 01:45:51,107 Car park page showed
2024-09-10 01:45:53,193 Index page showed
2024-09-10 01:45:59,350 Index page showed
2024-09-10 01:46:01,151 Car park page showed
2024-09-10 01:46:01,916 Index page showed
2024-09-10 01:46:14,977 Index page showed
2024-09-10 01:46:37,479 Car park page showed
2024-09-10 01:46:38,933 Car park page showed
2024-09-10 01:47:56,780 Index page showed
2024-09-10 01:48:24,271 Index page showed
2024-09-10 01:48:34,118 Index page showed
2024-09-10 01:48:55,541 Index page showed
2024-09-10 01:48:56,149 Index page showed
2024-09-10 01:50:30,131 Index page showed
2024-09-10 01:50:48,613 Index page showed
2024-09-10 01:51:01,485 Index page showed
2024-09-10 01:51:11,460 Index page showed
2024-09-10 01:51:31,398 Index page showed
2024-09-10 01:51:38,007 Index page showed
2024-09-10 01:51:38,454 Car park page showed
2024-09-10 01:51:40,078 Index page showed
2024-09-10 01:51:48,190 Index page showed
2024-09-10 01:52:04,566 Index page showed
2024-09-10 01:52:21,467 Index page showed
2024-09-10 01:52:31,720 User successfuly login
2024-09-10 01:52:31,752 Index page showed
2024-09-10 01:52:36,380 Index page showed
2024-09-10 01:52:38,021 User successfuly logout
2024-09-10 01:52:53,306 Index page showed
2024-09-10 01:53:42,179 Index page showed
2024-09-10 01:54:15,437 Index page showed
2024-09-10 01:56:54,459 Index page showed
2024-09-10 01:57:06,213 Index page showed
2024-09-10 01:57:58,587 Index page showed
2024-09-10 01:58:05,383 User successfuly login
2024-09-10 01:58:05,426 Index page showed
2024-09-10 01:58:08,185 Index page showed
2024-09-10 01:58:10,037 User successfuly logout
2024-09-10 01:58:11,492 Index page showed
2024-09-10 01:59:17,469 Index page showed
2024-09-10 01:59:33,577 Index page showed
2024-09-10 01:59:49,387 Index page showed
2024-09-10 02:00:09,340 Index page showed
2024-09-10 02:00:15,274 User successfuly login
2024-09-10 02:00:15,338 Index page showed
2024-09-10 02:00:22,103 Index page showed
2024-09-10 02:00:22,593 Car park page showed
2024-09-10 02:00:23,368 Index page showed
2024-09-10 02:01:03,572 Index page showed
2024-09-10 02:01:05,533 Index page showed
2024-09-10 02:01:06,332 Car park page showed
2024-09-10 02:01:06,899 Index page showed
2024-09-10 02:01:08,275 User profile showed
2024-09-10 02:01:50,100 User profile showed
2024-09-10 02:02:00,357 User profile showed
2024-09-10 02:02:01,440 User profile showed
2024-09-10 02:02:04,266 User profile showed
2024-09-10 02:02:05,571 User profile showed
2024-09-10 02:02:06,213 Index page showed
2024-09-10 02:02:07,006 User successfuly logout
2024-09-10 02:02:29,666 Index page showed
2024-09-10 02:02:33,687 User successfuly login
2024-09-10 02:02:33,719 Index page showed
2024-09-10 02:02:47,359 Index page showed
2024-09-10 02:02:51,902 User successfuly logout
2024-09-10 02:03:02,403 Index page showed
2024-09-10 02:03:07,303 User successfuly login
2024-09-10 02:03:07,352 Index page showed
2024-09-10 02:03:09,393 User profile showed
2024-09-10 02:03:10,659 Index page showed
2024-09-10 02:03:11,536 User successfuly logout
2024-09-10 02:03:15,419 User successfuly login
2024-09-10 02:03:15,456 Index page showed
2024-09-10 02:03:17,124 User successfuly logout
2024-09-10 02:03:18,648 Index page showed
2024-09-10 02:03:28,875 User successfuly login
2024-09-10 02:03:28,911 Index page showed
2024-09-10 02:05:18,780 Car park page showed
2024-09-10 02:23:51,813 Index page showed
2024-09-10 02:23:53,699 User successfuly logout
2024-09-10 02:23:57,126 User successfuly login
2024-09-10 02:23:57,169 Index page showed
2024-09-10 02:40:53,013 Index page showed
2024-09-10 02:40:55,602 Showing users list
2024-09-10 02:40:56,467 Car body types list showed
2024-09-10 02:40:57,344 Showing users list
2024-09-10 02:40:58,380 Car brand deleted
2024-09-10 02:40:58,965 Car body types list showed
2024-09-10 02:40:59,646 Car brand deleted
2024-09-10 02:41:00,576 Showing statistics
2024-09-10 02:41:07,696 User successfuly logout
2024-09-10 02:41:10,349 User successfuly login
2024-09-10 02:41:10,380 Index page showed
2024-09-10 02:41:34,307 Car park page showed
2024-09-10 02:41:35,751 Index page showed
2024-09-10 02:47:25,578 Index page showed
2024-09-10 02:47:48,788 Index page showed
2024-09-10 02:48:11,115 Index page showed
2024-09-10 02:48:17,083 Index page showed
2024-09-10 02:48:35,152 Index page showed
2024-09-10 02:48:54,225 Index page showed
2024-09-10 02:49:06,685 Index page showed
2024-09-10 02:49:22,438 Index page showed
2024-09-10 02:50:03,249 Index page showed
2024-09-10 02:50:23,746 Index page showed
2024-09-10 02:50:24,563 Index page showed
2024-09-10 02:50:28,673 Index page showed
2024-09-10 02:50:37,377 Index page showed
2024-09-10 02:51:17,611 Index page showed
2024-09-10 02:51:38,606 Index page showed
2024-09-10 02:51:45,763 Index page showed
2024-09-10 02:53:23,436 User successfuly logout
2024-09-10 02:53:30,005 User successfuly login
2024-09-10 02:53:30,038 Index page showed
2024-09-10 02:54:11,515 Index page showed
2024-09-10 02:56:30,698 Index page showed
2024-09-10 02:56:37,638 Index page showed
2024-09-10 02:56:38,387 User successfuly logout
2024-09-10 02:56:40,298 Index page showed
2024-09-10 02:57:24,087 Index page showed
2024-09-10 02:57:51,302 Index page showed
2024-09-10 02:58:17,032 Index page showed
2024-09-10 02:58:30,610 Index page showed
2024-09-10 02:58:31,253 Index page showed
2024-09-10 02:59:13,977 Index page showed
2024-09-10 02:59:19,725 Index page showed
2024-09-10 03:00:16,181 Index page showed
2024-09-10 03:00:39,083 Index page showed
2024-09-10 03:00:52,431 Index page showed
2024-09-10 03:01:35,651 Index page showed
2024-09-10 03:01:55,252 Index page showed
2024-09-10 03:02:12,670 Index page showed
2024-09-10 03:02:36,400 Index page showed
2024-09-10 03:02:50,704 Index page showed
2024-09-10 03:03:03,562 Index page showed
2024-09-10 03:03:04,244 Index page showed
2024-09-10 03:03:05,344 Index page showed
2024-09-10 03:03:37,574 Index page showed
2024-09-10 03:03:39,203 Index page showed
2024-09-10 03:03:52,181 Index page showed
2024-09-10 03:03:57,420 Index page showed
2024-09-10 03:04:10,462 Index page showed
2024-09-10 03:04:24,328 Index page showed
2024-09-10 12:50:28,174 Index page showed
2024-09-10 12:50:34,241 User successfuly login
2024-09-10 12:50:34,279 Index page showed
2024-09-10 12:51:25,637 Index page showed
2024-09-10 12:51:35,972 Index page showed
2024-09-10 12:53:37,547 Index page showed
2024-09-10 12:54:03,743 Car park page showed
2024-09-10 12:54:06,973 User successfuly logout
2024-09-10 12:54:09,850 User successfuly login
2024-09-10 12:54:09,894 Index page showed
2024-09-10 12:54:11,463 Car park page showed
2024-09-10 12:54:35,289 Car park page showed
2024-09-10 12:54:35,305 Making order page showed
2024-09-10 12:54:42,295 Car park page showed
2024-09-10 12:54:42,316 Making order page showed
2024-09-10 17:29:19,341 Car park page showed
2024-09-10 17:29:24,426 User profile showed
2024-09-10 17:30:37,122 User profile showed
2024-09-10 17:30:40,951 User profile showed
2024-09-10 17:30:42,259 User profile showed
2024-09-10 17:30:43,144 User successfuly logout
2024-09-10 17:30:44,315 Index page showed
2024-09-10 17:30:59,477 Car park page showed
2024-09-10 17:31:00,115 Contacts page showed
2024-09-10 17:31:17,540 Index page showed
2024-09-10 17:31:37,459 Contacts page showed
2024-09-10 17:31:37,937 Car park page showed
2024-09-10 17:40:53,175 Car park page showed
2024-09-10 17:40:55,239 Contacts page showed
2024-09-10 17:40:56,173 Index page showed
2024-09-10 17:42:18,041 Car park page showed
2024-09-10 17:42:18,575 Index page showed
2024-09-10 17:42:18,961 Car park page showed
2024-09-10 17:42:21,540 Car park page showed
2024-09-10 17:42:22,584 Index page showed
2024-09-10 17:42:23,188 Contacts page showed
2024-09-10 17:42:23,873 Fines page showed
2024-09-10 17:42:24,994 Reviews page showed
2024-09-10 17:42:25,619 Vacancies page showed
2024-09-10 17:42:26,054 News list showed
2024-09-10 17:42:29,801 About page showed
2024-09-10 17:42:30,977 Cat facts showed
2024-09-10 17:42:30,978 Cat facts showed
2024-09-10 17:42:31,224 Privacy policy page showed
2024-09-10 17:42:34,408 Index page showed
2024-09-10 17:42:34,999 Car park page showed
2024-09-10 17:44:58,405 Car park page showed
2024-09-10 17:46:28,471 Car park page showed
2024-09-10 17:46:29,972 Car info page showed
2024-09-10 17:46:59,833 Car park page showed
2024-09-10 17:47:20,736 Car park page showed
2024-09-10 17:47:21,674 Car park page showed
2024-09-10 17:47:23,351 Car park page showed
2024-09-10 17:47:36,170 Car park page showed
2024-09-10 17:47:48,832 Car park page showed
2024-09-10 17:47:49,575 Car park page showed
2024-09-10 17:47:51,407 Car park page showed
2024-09-10 17:47:51,992 Car park page showed
2024-09-10 17:48:01,408 Car park page showed
2024-09-10 17:48:27,314 Car park page showed
2024-09-10 17:48:45,976 Car park page showed
2024-09-10 17:49:15,230 Car park page showed
2024-09-10 17:50:14,266 Car park page showed
2024-09-10 17:50:24,798 Car park page showed
2024-09-10 17:50:26,265 Car park page showed
2024-09-10 17:50:39,984 Car park page showed
2024-09-10 17:52:56,926 Car park page showed
2024-09-10 17:54:22,151 Car park page showed
2024-09-10 17:54:30,271 Car park page showed
2024-09-10 17:54:37,042 Car info page showed
2024-09-10 17:54:39,389 Car info page showed
2024-09-10 17:55:18,970 Car park page showed
2024-09-10 17:55:39,557 Car park page showed
2024-09-10 17:55:55,094 Car park page showed
2024-09-10 17:56:04,708 Car park page showed
2024-09-10 17:58:48,476 Car park page showed
2024-09-10 17:59:34,998 Car park page showed
2024-09-10 17:59:46,433 Car park page showed
2024-09-10 17:59:59,659 Car park page showed
2024-09-10 18:00:20,672 Car park page showed
2024-09-10 18:01:17,826 Car park page showed
2024-09-10 18:01:33,584 Car park page showed
2024-09-10 18:01:36,308 Car park page showed
2024-09-10 18:02:00,242 Car park page showed
2024-09-10 18:02:05,021 Car park page showed
2024-09-10 18:02:14,022 Car park page showed
2024-09-10 18:02:30,830 Car park page showed
2024-09-10 18:02:38,539 Car info page showed
2024-09-10 18:02:42,300 Car info page showed
2024-09-10 18:02:44,170 Car info page showed
2024-09-10 18:02:45,370 Index page showed
2024-09-10 18:02:49,356 Car park page showed
2024-09-10 18:02:50,902 Car info page showed
2024-09-10 18:02:52,526 Index page showed
2024-09-10 18:02:56,274 Car park page showed
2024-09-10 18:03:00,898 Car info page showed
2024-09-10 18:03:22,641 Car park page showed
2024-09-10 18:03:27,366 User successfuly login
2024-09-10 18:03:27,435 Index page showed
2024-09-10 18:03:28,089 Car park page showed
2024-09-10 18:03:51,650 Car park page showed
2024-09-10 18:03:53,039 Car info page showed
2024-09-10 18:05:18,653 Index page showed
2024-09-10 18:05:19,415 Index page showed
2024-09-10 18:05:36,854 Index page showed
2024-09-10 18:07:44,724 Index page showed
2024-09-10 18:08:07,679 Index page showed
2024-09-10 18:08:08,631 Car park page showed
2024-09-10 18:08:09,181 Index page showed
2024-09-10 18:08:10,991 User profile showed
2024-09-10 18:08:12,816 User profile showed
2024-09-10 18:08:13,873 User profile showed
2024-09-10 18:08:14,170 Index page showed
2024-09-10 18:08:18,180 User profile showed
2024-09-10 18:08:20,945 User profile showed
2024-09-10 18:08:21,754 User profile showed
2024-09-10 18:08:22,679 User profile showed
2024-09-10 18:08:23,686 User profile showed
2024-09-10 18:08:23,933 User profile showed
2024-09-10 18:08:24,403 User profile showed
2024-09-10 18:08:41,244 User profile showed
2024-09-10 18:08:42,465 User profile showed
2024-09-10 18:09:15,021 User profile showed
2024-09-10 18:09:15,595 Car park page showed
2024-09-10 18:09:16,128 Index page showed
2024-09-10 18:09:16,725 User profile showed
2024-09-10 18:09:28,249 Index page showed
2024-09-10 18:09:32,537 Glossary page showed
2024-09-10 18:09:34,135 Index page showed
2024-09-10 18:09:40,027 Car park page showed
2024-09-10 18:09:41,115 Car info page showed
2024-09-10 18:10:28,202 Car park page showed
2024-09-10 18:10:32,076 Car info page showed
2024-09-10 18:11:35,064 Car park page showed
2024-09-10 18:11:36,016 Car park page showed
2024-09-10 18:11:38,919 Car park page showed
2024-09-10 18:11:55,982 Car park page showed
2024-09-10 18:12:00,173 Car info page showed
2024-09-10 18:12:12,354 Car park page showed
2024-09-10 18:12:18,219 Car info page showed
2024-09-10 18:12:20,932 Car info page showed
2024-09-10 18:12:20,953 Making order page showed
2024-09-10 18:12:22,728 Index page showed
2024-09-10 18:39:26,251 Index page showed
2024-09-10 18:39:26,628 Index page showed
2024-09-10 19:12:50,432 About page showed
2024-09-10 19:12:52,950 Contacts page showed
2024-09-10 19:12:53,759 Discounts page showed
2024-09-10 19:12:54,317 Car park page showed
2024-09-10 19:13:00,485 Index page showed
2024-09-10 19:13:02,000 Index page showed
2024-09-10 23:35:59,216 Car park page showed
2024-09-10 23:36:01,094 Index page showed
2024-09-10 23:37:01,664 Index page showed
2024-09-10 23:37:03,971 Car park page showed
2024-09-10 23:37:04,572 Index page showed
2024-09-10 23:37:26,324 Index page showed
2024-09-10 23:38:05,830 Index page showed
2024-09-10 23:38:08,673 Index page showed
2024-09-10 23:38:09,069 Index page showed
2024-09-10 23:38:09,648 Index page showed
2024-09-10 23:38:12,548 Index page showed
2024-09-10 23:38:26,031 Car park page showed
2024-09-10 23:38:27,326 Car info page showed
2024-09-10 23:39:10,753 Index page showed
2024-09-10 23:39:35,493 Index page showed
2024-09-10 23:40:11,378 Index page showed
2024-09-10 23:40:18,317 Index page showed
2024-09-10 23:40:53,665 Car park page showed
2024-09-10 23:40:55,446 Discounts page showed
2024-09-10 23:40:56,501 Contacts page showed
2024-09-10 23:40:59,826 Index page showed
2024-09-10 23:41:08,242 Index page showed
2024-09-10 23:41:08,550 Car park page showed
2024-09-10 23:41:09,832 Index page showed
2024-09-10 23:41:22,326 User successfuly logout
2024-09-10 23:41:32,746 User successfuly login
2024-09-10 23:41:32,776 Index page showed
2024-09-10 23:45:14,945 Index page showed
2024-09-10 23:47:21,737 Index page showed
2024-09-10 23:47:31,015 Index page showed
2024-09-10 23:47:33,649 Cat facts showed
2024-09-10 23:47:35,338 Index page showed
2024-09-10 23:47:35,937 Contacts page showed
2024-09-10 23:47:36,179 Car park page showed
2024-09-10 23:47:37,714 Cat facts showed
2024-09-10 23:47:38,566 Index page showed
2024-09-10 23:48:26,271 About page showed
2024-09-10 23:48:27,927 Index page showed
2024-09-10 23:48:28,240 Car park page showed
2024-09-10 23:48:29,119 About page showed
2024-09-10 23:48:29,801 Index page showed
2024-09-10 23:48:53,970 Index page showed
2024-09-11 00:18:31,052 Index page showed
2024-09-11 00:19:35,888 Index page showed
2024-09-11 00:19:37,983 About page showed
2024-09-11 00:19:39,833 Index page showed
2024-09-11 00:20:38,723 About page showed
2024-09-11 00:23:32,402 About page showed
2024-09-11 00:25:01,417 About page showed
2024-09-11 00:25:02,608 About page showed
2024-09-11 00:25:02,971 About page showed
2024-09-11 00:25:03,166 About page showed
2024-09-11 00:25:03,364 About page showed
2024-09-11 00:25:13,334 About page showed
2024-09-11 00:25:28,308 About page showed
2024-09-11 00:25:39,140 About page showed
2024-09-11 00:28:06,764 About page showed
2024-09-11 00:28:28,002 About page showed
2024-09-11 00:28:39,651 About page showed
2024-09-11 00:29:58,693 About page showed
2024-09-11 00:30:41,906 About page showed
2024-09-11 00:30:53,344 About page showed
2024-09-11 00:31:14,991 About page showed
2024-09-11 00:31:16,396 About page showed
2024-09-11 00:31:18,298 About page showed
2024-09-11 00:54:29,012 About page showed
2024-09-11 00:54:44,992 About page showed
2024-09-11 00:55:57,636 Index page showed
2024-09-11 00:55:59,993 About page showed
2024-09-11 00:56:01,789 About page showed
2024-09-11 00:56:02,363 About page showed
2024-09-11 00:56:21,107 About page showed
2024-09-11 00:56:39,398 About page showed
2024-09-11 00:56:43,502 About page showed
2024-09-11 00:59:54,850 About page showed
2024-09-11 01:00:04,948 About page showed
2024-09-11 01:00:53,603 About page showed
2024-09-11 01:01:05,131 About page showed
2024-09-11 01:01:07,230 About page showed
2024-09-11 01:01:17,897 About page showed
2024-09-11 01:02:17,833 About page showed
2024-09-11 01:02:27,486 About page showed
2024-09-11 01:02:35,963 About page showed
2024-09-11 01:02:46,124 About page showed
2024-09-11 01:02:47,205 About page showed
2024-09-11 01:02:47,630 About page showed
2024-09-11 01:02:50,815 About page showed
2024-09-11 01:02:51,690 About page showed
2024-09-11 01:02:53,284 About page showed
2024-09-11 01:02:58,138 About page showed
2024-09-11 01:02:59,167 About page showed
2024-09-11 01:02:59,447 About page showed
2024-09-11 01:03:01,650 About page showed
2024-09-11 01:03:11,738 About page showed
2024-09-11 01:03:57,900 About page showed
2024-09-11 01:03:58,700 About page showed
2024-09-11 01:04:00,267 About page showed
2024-09-11 01:04:11,188 About page showed
2024-09-11 01:04:11,890 About page showed
2024-09-11 01:04:34,677 About page showed
2024-09-11 01:04:39,482 About page showed
2024-09-11 01:06:11,039 About page showed
2024-09-11 01:07:34,078 About page showed
2024-09-11 01:07:56,228 About page showed
2024-09-11 01:08:01,586 About page showed
2024-09-11 01:08:02,973 About page showed
2024-09-11 01:08:09,637 About page showed
2024-09-11 01:08:30,612 About page showed
2024-09-11 01:08:52,628 About page showed
2024-09-11 01:08:53,968 About page showed
2024-09-11 01:08:54,488 About page showed
2024-09-11 01:09:03,120 About page showed
2024-09-11 01:09:08,059 About page showed
2024-09-11 01:09:30,966 About page showed
2024-09-11 01:10:27,764 About page showed
2024-09-11 01:10:51,941 About page showed
2024-09-11 01:11:06,054 About page showed
2024-09-11 01:11:21,355 About page showed
2024-09-11 01:11:39,422 About page showed
2024-09-11 01:11:45,274 Index page showed
2024-09-11 01:12:40,369 About page showed
2024-09-11 01:12:40,720 Cat facts showed
2024-09-11 01:12:41,701 About page showed
2024-09-11 01:13:07,529 About page showed
2024-09-11 01:22:02,889 About page showed
2024-09-11 01:22:07,412 Index page showed
2024-09-11 01:22:08,526 About page showed
2024-09-11 01:25:04,263 About page showed
2024-09-11 01:25:23,818 About page showed
2024-09-11 01:25:33,532 Index page showed
2024-09-11 01:25:34,374 Index page showed
2024-09-11 01:25:35,360 About page showed
2024-09-11 01:25:36,344 About page showed
2024-09-11 01:25:51,056 About page showed
2024-09-11 01:25:55,502 About page showed
2024-09-11 01:26:06,865 About page showed
2024-09-11 01:26:31,478 About page showed
2024-09-11 01:26:47,875 About page showed
2024-09-11 01:29:08,759 About page showed
2024-09-11 01:29:29,411 About page showed
2024-09-11 01:29:30,959 Index page showed
2024-09-11 01:29:32,225 About page showed
2024-09-11 01:29:35,349 Index page showed
2024-09-11 01:29:47,488 About page showed
2024-09-11 01:29:56,671 Index page showed
2024-09-11 01:30:02,384 Index page showed
2024-09-11 01:30:03,105 Car park page showed
2024-09-11 01:30:03,910 Contacts page showed
2024-09-11 01:30:06,426 About page showed
2024-09-11 01:30:48,792 Index page showed
2024-09-11 01:30:52,539 Car park page showed
2024-09-11 01:30:54,249 Contacts page showed
2024-09-11 01:30:55,701 Discounts page showed
2024-09-11 01:30:56,422 Fines page showed
2024-09-11 01:30:57,679 About page showed
2024-09-11 01:31:07,840 Index page showed
2024-09-11 01:31:08,358 Car park page showed
2024-09-11 01:31:10,349 Privacy policy page showed
2024-09-11 01:31:11,765 Fines page showed
2024-09-11 01:31:12,092 Vacancies page showed
2024-09-11 01:31:12,867 About page showed
2024-09-11 01:33:58,173 About page showed
2024-09-11 01:34:20,678 About page showed
2024-09-11 01:34:31,258 About page showed
2024-09-11 01:34:32,082 About page showed
2024-09-11 01:34:49,019 About page showed
2024-09-11 01:36:39,991 About page showed
2024-09-11 01:38:38,890 News list showed
2024-09-11 01:38:40,517 About page showed
2024-09-11 01:38:43,073 News list showed
2024-09-11 01:46:24,087 Index page showed
2024-09-11 01:46:25,567 Index page showed
2024-09-11 01:46:26,474 Index page showed
2024-09-11 01:46:27,355 Index page showed
2024-09-11 01:46:27,891 Index page showed
2024-09-11 01:46:28,427 Index page showed
2024-09-11 01:46:29,208 News list showed
2024-09-11 01:46:30,303 Index page showed
2024-09-11 01:47:36,961 News list showed
2024-09-11 01:47:45,502 News list showed
2024-09-11 01:47:51,265 Index page showed
2024-09-11 01:48:00,375 Index page showed
2024-09-11 01:48:01,367 News list showed
2024-09-11 01:48:34,228 Index page showed
2024-09-11 01:48:35,568 News list showed
2024-09-11 01:48:38,157 Index page showed
2024-09-11 01:50:07,733 Index page showed
2024-09-11 01:50:28,840 News list showed
2024-09-11 01:50:29,204 Cat facts showed
2024-09-11 01:50:29,567 News list showed
2024-09-11 01:50:50,794 Index page showed
2024-09-11 01:50:51,980 News list showed
2024-09-11 01:50:54,782 Index page showed
2024-09-11 01:51:10,260 Glossary page showed
2024-09-11 01:54:53,329 Glossary page showed
2024-09-11 01:55:13,818 Glossary page showed
2024-09-11 01:56:06,257 Glossary page showed
2024-09-11 01:56:29,805 Glossary page showed
2024-09-11 01:56:45,704 Glossary page showed
2024-09-11 01:57:12,033 Glossary page showed
2024-09-11 01:57:20,025 Glossary page showed
2024-09-11 01:58:39,160 Glossary page showed
2024-09-11 01:58:43,653 Glossary page showed
2024-09-11 01:59:37,138 Privacy policy page showed
2024-09-11 02:02:33,737 Privacy policy page showed
2024-09-11 02:02:48,634 Privacy policy page showed
2024-09-11 02:04:11,640 Privacy policy page showed
2024-09-11 02:06:28,865 Privacy policy page showed
2024-09-11 02:06:53,740 Privacy policy page showed
2024-09-11 02:06:57,541 Privacy policy page showed
2024-09-11 02:06:57,902 About page showed
2024-09-11 02:07:00,827 Index page showed
2024-09-11 02:07:17,802 Vacancies page showed
2024-09-11 02:07:45,238 Vacancies page showed
2024-09-11 02:07:57,577 Vacancies page showed
2024-09-11 02:07:58,687 Vacancies page showed
2024-09-11 02:08:11,495 Vacancies page showed
2024-09-11 02:08:12,226 Vacancies page showed
2024-09-11 02:08:24,263 Vacancies page showed
2024-09-11 02:08:48,883 Vacancies page showed
2024-09-11 02:08:57,170 Index page showed
2024-09-11 02:09:01,812 Cat facts showed
2024-09-11 02:09:03,375 Vacancies page showed
2024-09-11 02:09:04,598 Index page showed
2024-09-11 02:09:12,705 About page showed
2024-09-11 02:09:13,972 Reviews page showed
2024-09-11 02:09:55,266 User successfuly logout
2024-09-11 02:09:56,945 About page showed
2024-09-11 02:09:58,879 About page showed
2024-09-11 02:09:59,153 Cat facts showed
2024-09-11 02:09:59,796 Reviews page showed
2024-09-11 02:10:02,302 Index page showed
2024-09-11 02:10:11,694 Vacancies page showed
2024-09-11 02:10:13,391 Reviews page showed
2024-09-11 02:10:13,634 Cat facts showed
2024-09-11 02:10:15,015 Reviews page showed
2024-09-11 02:10:19,319 User successfuly login
2024-09-11 02:10:19,354 Index page showed
2024-09-11 02:10:19,930 Reviews page showed
2024-09-11 02:13:04,496 Reviews page showed
2024-09-11 02:13:06,803 User profile showed
2024-09-11 02:13:08,565 User profile showed
2024-09-11 02:13:09,880 User profile showed
2024-09-11 02:13:11,878 User successfuly logout
2024-09-11 02:13:14,352 News list showed
2024-09-11 02:13:15,822 Reviews page showed
2024-09-11 02:13:45,006 Car park page showed
2024-09-11 02:13:46,311 Car info page showed
2024-09-11 02:13:49,342 Vacancies page showed
2024-09-11 02:13:49,727 Reviews page showed
2024-09-11 02:14:05,159 Contacts page showed
2024-09-11 02:14:05,869 Discounts page showed
2024-09-11 02:14:06,506 Fines page showed
2024-09-11 02:14:07,092 Reviews page showed
2024-09-11 02:14:13,912 Privacy policy page showed
2024-09-11 02:14:14,391 About page showed
2024-09-11 02:14:15,233 Car park page showed
2024-09-11 02:14:17,581 Car park page showed
2024-09-11 02:14:19,233 Index page showed
2024-09-11 02:14:21,594 Car park page showed
2024-09-11 02:14:22,912 Car info page showed
2024-09-11 02:14:27,560 Index page showed
2024-09-11 02:14:36,150 User successfuly login
2024-09-11 02:14:36,185 Index page showed
2024-09-11 02:14:37,509 Car park page showed
2024-09-11 02:14:38,579 Car info page showed
2024-09-11 02:14:40,435 Car info page showed
2024-09-11 02:14:40,449 Making order page showed
2024-09-11 02:14:44,474 Glossary page showed
2024-09-11 02:14:47,954 Fines page showed
2024-09-11 02:14:48,558 Discounts page showed
2024-09-11 02:14:49,785 Reviews page showed
2024-09-11 02:20:03,572 Reviews page showed
2024-09-11 02:20:06,075 Index page showed
2024-09-11 02:20:06,565 User profile showed
2024-09-11 02:20:07,310 User successfuly logout
2024-09-11 02:20:08,447 News list showed
2024-09-11 02:20:09,612 About page showed
2024-09-11 02:20:10,850 Fines page showed
2024-09-11 02:20:12,017 Reviews page showed
2024-09-11 02:20:16,981 User successfuly login
2024-09-11 02:20:17,008 Index page showed
2024-09-11 02:20:19,762 Index page showed
2024-09-11 02:20:21,001 Fines page showed
2024-09-11 02:20:21,578 Index page showed
2024-09-11 02:20:21,949 Car park page showed
2024-09-11 02:20:22,387 Index page showed
2024-09-11 02:20:27,255 About page showed
2024-09-11 02:20:30,727 Index page showed
2024-09-11 02:27:35,201 Index page showed
2024-09-11 02:29:26,338 Index page showed
2024-09-11 12:34:20,623 Index page showed
2024-09-11 12:34:34,914 About page showed
2024-09-11 12:35:00,297 Index page showed
2024-09-15 20:17:46,089 Index page showed
2024-09-15 20:24:20,152 Index page showed
2024-09-15 20:24:21,896 Car park page showed
2024-09-15 20:24:22,851 Contacts page showed
2024-09-15 20:24:25,381 News list showed
2024-09-15 20:24:27,332 Index page showed
2024-09-15 20:24:33,266 Car park page showed
2024-09-15 20:24:36,582 Index page showed
2024-09-15 20:24:52,826 Contacts page showed
2024-09-15 20:25:34,238 Contacts page showed
2024-09-15 20:28:41,566 Contacts page showed
2024-09-15 20:28:43,112 About page showed
2024-09-15 20:30:31,000 About page showed
2024-09-15 20:32:52,371 About page showed
2024-09-15 20:35:06,013 About page showed
2024-09-15 20:37:22,019 About page showed
2024-09-15 20:37:23,604 About page showed
2024-09-15 20:37:52,038 About page showed
2024-09-15 20:39:21,097 About page showed
2024-09-15 20:39:30,786 About page showed
2024-09-15 20:44:21,829 About page showed
2024-09-15 20:44:31,242 About page showed
2024-09-15 20:44:56,692 About page showed
2024-09-15 20:45:51,033 About page showed
2024-09-15 20:47:11,642 About page showed
2024-09-15 20:47:32,862 About page showed
2024-09-15 20:48:28,063 About page showed
2024-09-15 20:48:46,641 About page showed
2024-09-15 20:53:22,399 About page showed
2024-09-15 20:58:43,611 About page showed
2024-09-15 20:59:07,084 About page showed
2024-09-15 20:59:27,758 About page showed
2024-09-15 20:59:44,499 About page showed
2024-09-15 21:02:56,222 Car park page showed
2024-09-15 21:02:57,400 Contacts page showed
2024-09-15 21:03:41,292 Contacts page showed
2024-09-15 21:03:58,074 Contacts page showed
2024-09-15 21:22:22,711 Index page showed
2024-09-15 21:23:06,065 Index page showed
2024-09-15 21:23:07,202 Index page showed
2024-09-15 21:23:17,968 Index page showed
2024-09-15 21:23:19,525 Index page showed
2024-09-15 21:23:20,778 Index page showed
2024-09-15 21:23:22,193 Contacts page showed
2024-09-15 21:23:22,845 Car park page showed
2024-09-15 21:23:23,494 Index page showed
2024-09-15 21:23:24,514 Index page showed
2024-09-15 21:23:26,004 Index page showed
2024-09-15 21:23:26,600 Car park page showed
2024-09-15 21:23:27,405 Index page showed
2024-09-15 21:23:28,485 Vacancies page showed
2024-09-15 21:23:29,593 Glossary page showed
2024-09-15 21:23:30,245 News list showed
2024-09-15 21:23:31,514 About page showed
2024-09-15 21:23:40,110 Fines page showed
2024-09-15 21:23:40,815 Discounts page showed
2024-09-15 21:23:41,550 Reviews page showed
2024-09-15 21:23:42,139 Vacancies page showed
2024-09-15 21:23:44,017 Index page showed
2024-09-15 21:23:45,082 Index page showed
2024-09-15 21:23:45,665 Index page showed
2024-09-15 21:25:02,101 Privacy policy page showed
2024-09-15 21:25:03,140 About page showed
2024-09-15 21:25:04,690 Privacy policy page showed
2024-09-15 21:25:08,524 About page showed
2024-09-15 21:26:41,760 About page showed
2024-09-15 21:26:54,700 About page showed
2024-09-15 21:32:19,936 About page showed
2024-09-15 21:32:24,787 About page showed
2024-09-15 21:36:20,206 About page showed
2024-09-16 00:09:01,123 Index page showed
2024-09-16 00:09:42,580 Index page showed
2024-09-16 00:10:13,040 Index page showed
2024-09-16 00:10:26,769 Car park page showed
2024-09-16 00:10:27,883 Index page showed
2024-09-16 00:10:28,410 Car park page showed
2024-09-16 00:10:29,162 Index page showed
2024-09-16 00:10:29,642 Car park page showed
2024-09-16 00:10:30,191 Index page showed
2024-09-16 00:10:31,122 Car park page showed
2024-09-16 00:12:24,669 Car park page showed
2024-09-16 00:12:37,479 Contacts page showed
2024-09-16 00:13:28,410 Contacts page showed
2024-09-16 00:13:32,118 Discounts page showed
2024-09-16 00:13:32,508 Contacts page showed
2024-09-16 00:13:32,963 Discounts page showed
2024-09-16 00:14:16,678 Discounts page showed
2024-09-16 00:14:17,434 Discounts page showed
2024-09-16 00:14:19,133 Discounts page showed
2024-09-16 00:14:22,312 Discounts page showed
2024-09-16 00:14:22,864 Discounts page showed
2024-09-16 00:14:26,895 Discounts page showed
2024-09-16 00:14:46,207 Discounts page showed
2024-09-16 00:14:52,382 Discounts page showed
2024-09-16 00:15:15,049 Fines page showed
2024-09-16 00:15:57,261 Vacancies page showed
2024-09-16 00:16:09,652 Glossary page showed
2024-09-16 00:18:46,614 Index page showed
2024-09-16 00:20:26,535 Index page showed
2024-09-16 00:20:31,309 Index page showed
2024-09-16 00:20:32,082 Index page showed
2024-09-16 00:20:32,721 Index page showed
2024-09-16 00:20:36,916 Index page showed
2024-09-16 00:20:42,538 Index page showed
2024-09-16 00:22:01,792 Index page showed
2024-09-16 00:22:13,849 Index page showed
2024-09-16 00:23:42,543 Index page showed
2024-09-16 00:23:43,143 Index page showed
2024-09-16 00:23:43,487 Index page showed
2024-09-16 00:24:25,515 Index page showed
2024-09-16 00:24:26,132 Index page showed
2024-09-16 00:31:20,435 Index page showed
2024-09-16 00:31:20,981 Index page showed
2024-09-16 00:31:21,579 Car park page showed
2024-09-16 00:31:22,212 Contacts page showed
2024-09-16 00:31:22,956 Index page showed
2024-09-16 00:31:26,944 News list showed
2024-09-16 00:31:45,321 News list showed
2024-09-16 00:31:46,673 About page showed
2024-09-16 00:31:54,793 Index page showed
2024-09-16 00:31:58,638 About page showed
2024-09-16 00:58:35,795 About page showed
2024-09-16 01:03:52,394 User profile showed
2024-09-16 01:03:54,252 User profile showed
2024-09-16 01:03:55,223 Index page showed
2024-09-16 01:03:57,469 Car park page showed
2024-09-16 01:04:04,499 Index page showed
2024-09-16 01:05:20,802 User profile showed
2024-09-16 01:05:22,267 User profile showed
2024-09-16 01:05:23,589 Index page showed
2024-09-16 01:05:32,558 User profile showed
2024-09-16 01:06:14,456 About page showed
2024-09-16 01:11:21,664 About page showed
2024-09-16 01:12:09,825 About page showed
2024-09-16 01:17:27,838 About page showed
2024-09-16 01:18:46,801 About page showed
2024-09-16 01:18:55,289 About page showed
2024-09-16 01:19:52,012 About page showed
2024-09-16 01:19:54,575 About page showed
2024-09-16 01:19:58,361 About page showed
2024-09-16 01:19:59,813 About page showed
2024-09-16 01:20:14,755 About page showed
2024-09-16 01:20:55,319 About page showed
2024-09-16 01:20:59,784 About page showed
2024-09-16 01:21:01,188 About page showed
2024-09-16 01:27:18,278 About page showed
2024-09-16 01:27:40,165 About page showed
2024-09-16 01:27:40,371 Index page showed
2024-09-16 01:27:58,267 About page showed
2024-09-16 01:27:58,499 About page showed
2024-09-16 01:29:58,235 About page showed
2024-09-16 01:30:21,010 About page showed
2024-09-16 01:33:37,987 Index page showed
2024-09-16 01:36:24,397 Index page showed
2024-09-16 01:39:33,276 Index page showed
2024-09-16 01:41:23,947 Index page showed
2024-09-16 01:41:45,287 Index page showed
2024-09-16 01:42:28,936 Index page showed
2024-09-16 01:42:51,435 Index page showed
2024-09-16 01:42:58,570 User profile showed
2024-09-16 01:43:00,655 User profile showed
2024-09-16 01:43:03,457 User profile showed
2024-09-16 01:43:20,482 User profile showed
2024-09-16 01:43:21,583 Index page showed
2024-09-16 01:43:21,925 Car park page showed
2024-09-16 01:43:22,570 Contacts page showed
2024-09-16 01:43:23,095 Index page showed
2024-09-16 01:43:31,306 Index page showed
2024-09-16 01:43:32,308 Car park page showed
2024-09-16 01:43:32,941 Index page showed
2024-09-16 01:43:45,823 Index page showed
2024-09-16 01:43:50,587 Index page showed
2024-09-16 01:43:51,969 Index page showed
2024-09-16 01:43:53,051 Car park page showed
2024-09-16 01:43:53,507 Index page showed
2024-09-16 01:43:54,076 Car park page showed
2024-09-16 01:43:54,691 Contacts page showed
2024-09-16 01:43:56,522 Index page showed
2024-09-16 01:44:01,425 Index page showed
2024-09-16 01:44:02,813 Car park page showed
2024-09-16 01:44:03,164 Contacts page showed
2024-09-16 01:44:03,589 Discounts page showed
2024-09-16 01:44:04,742 Vacancies page showed
2024-09-16 01:44:05,189 Glossary page showed
2024-09-16 01:44:05,749 News list showed
2024-09-16 01:44:07,217 Index page showed
2024-09-16 01:44:28,918 Index page showed
2024-09-16 01:44:33,272 Index page showed
2024-09-16 01:44:34,238 Index page showed
2024-09-16 01:44:41,287 Index page showed
2024-09-16 01:44:42,688 Index page showed
2024-09-16 01:44:43,686 Car park page showed
2024-09-16 01:44:44,257 Index page showed
2024-09-16 01:44:45,036 Car park page showed
2024-09-16 01:44:45,453 Discounts page showed
2024-09-16 01:44:46,018 Reviews page showed
2024-09-16 01:44:46,744 Index page showed
2024-09-16 01:44:47,812 Contacts page showed
2024-09-16 01:44:48,372 Car park page showed
2024-09-16 01:44:49,048 Index page showed
2024-09-16 01:44:50,438 Car park page showed
2024-09-16 01:45:22,677 Car park page showed
2024-09-16 01:45:28,297 Index page showed
2024-09-16 01:45:29,655 Index page showed
2024-09-16 01:45:31,284 Car park page showed
2024-09-16 01:45:31,737 Contacts page showed
2024-09-16 01:45:33,901 Contacts page showed
2024-09-16 01:45:34,407 Discounts page showed
2024-09-16 01:45:34,971 Contacts page showed
2024-09-16 01:45:37,538 Index page showed
2024-09-16 01:45:38,297 Car park page showed
2024-09-16 01:45:38,768 Contacts page showed
2024-09-16 01:45:39,523 Discounts page showed
2024-09-16 01:45:40,539 Discounts page showed
2024-09-16 01:45:40,999 Fines page showed
2024-09-16 01:45:41,523 Vacancies page showed
2024-09-16 01:45:42,351 Glossary page showed
2024-09-16 01:45:44,132 Cat facts showed
2024-09-16 01:45:45,831 Index page showed
2024-09-16 01:45:47,339 Car park page showed
2024-09-16 01:45:47,825 Index page showed
2024-09-16 01:45:54,339 Index page showed
2024-09-16 01:45:55,498 Car park page showed
2024-09-16 01:45:55,937 Index page showed
2024-09-16 01:45:56,503 Car park page showed
2024-09-16 01:45:56,862 Contacts page showed
2024-09-16 01:45:57,446 Discounts page showed
2024-09-16 01:45:58,115 Contacts page showed
2024-09-16 01:47:11,641 Contacts page showed
2024-09-16 01:47:12,788 Index page showed
2024-09-16 01:47:13,524 Car park page showed
2024-09-16 01:47:22,394 Car park page showed
2024-09-16 01:47:23,391 Car park page showed
2024-09-16 01:47:24,104 Contacts page showed
2024-09-16 01:47:24,657 Fines page showed
2024-09-16 01:47:25,057 Discounts page showed
2024-09-16 01:47:25,761 Index page showed
2024-09-16 01:47:27,288 User profile showed
2024-09-16 01:47:28,706 User profile showed
2024-09-16 01:47:31,542 Reviews page showed
2024-09-16 01:47:32,040 Vacancies page showed
2024-09-16 01:47:32,549 News list showed
2024-09-16 01:47:32,996 Vacancies page showed
2024-09-16 01:47:33,796 Reviews page showed
2024-09-16 01:47:36,423 Cat facts showed
2024-09-16 01:47:36,941 About page showed
2024-09-16 01:47:42,324 Privacy policy page showed
2024-09-16 01:47:43,180 Index page showed
2024-09-16 01:47:45,741 Car park page showed
2024-09-16 01:47:47,711 Index page showed
2024-09-16 01:47:49,932 User profile showed
2024-09-16 01:47:51,400 User profile showed
2024-09-16 01:48:07,401 User successfuly logout
2024-09-16 01:48:13,791 User successfuly login
2024-09-16 01:48:13,826 Index page showed
2024-09-16 01:48:49,930 Index page showed
2024-09-16 01:48:50,847 Index page showed
2024-09-16 01:49:25,746 Index page showed
2024-09-16 01:49:27,296 Index page showed
2024-09-16 01:50:02,605 Index page showed
2024-09-16 01:50:04,224 Index page showed
2024-09-16 01:50:29,376 Index page showed
2024-09-16 01:50:30,787 Index page showed
2024-09-16 01:50:37,040 Index page showed
2024-09-16 01:50:50,925 Index page showed
2024-09-16 01:50:53,769 Showing users list
2024-09-16 01:50:54,205 Car body types list showed
2024-09-16 01:50:54,835 Car body types list showed
2024-09-16 01:50:55,145 Showing users list
2024-09-16 01:51:21,926 Showing users list
2024-09-16 01:51:30,748 Showing users list
2024-09-16 01:52:52,567 Showing users list
2024-09-16 01:53:01,045 Car park page showed
2024-09-16 01:53:05,019 Car park page showed
2024-09-16 01:53:06,233 Car park page showed
2024-09-16 01:53:09,412 Showing users list
2024-09-16 01:53:09,988 Car body types list showed
2024-09-16 01:53:10,410 Car brand deleted
2024-09-16 01:53:11,009 Car body types list showed
2024-09-16 01:53:12,375 Showing users list
2024-09-16 01:55:07,941 Car body types list showed
2024-09-16 01:55:08,503 Car brand deleted
2024-09-16 01:55:14,759 Car body types list showed
2024-09-16 01:55:15,487 Car brand deleted
2024-09-16 01:55:16,503 Showing statistics
2024-09-16 01:55:43,056 Index page showed
2024-09-16 01:56:02,796 Index page showed
2024-09-16 01:56:03,787 Index page showed
2024-09-16 01:56:12,279 Car park page showed
2024-09-16 01:56:18,212 Contacts page showed
2024-09-16 01:56:26,739 Contacts page showed
2024-09-16 01:56:27,976 Discounts page showed
2024-09-16 01:56:28,800 Fines page showed
2024-09-16 01:56:29,746 Reviews page showed
2024-09-16 01:56:30,467 Vacancies page showed
2024-09-16 01:56:31,371 News list showed
2024-09-16 01:56:33,046 Cat facts showed
2024-09-16 01:56:33,888 About page showed
2024-09-16 01:56:36,803 Privacy policy page showed
2024-09-16 01:56:40,749 Index page showed
2024-09-16 01:56:41,465 Car park page showed
2024-09-16 01:56:42,501 Contacts page showed
2024-09-16 01:56:43,405 Discounts page showed
2024-09-16 01:56:44,529 Fines page showed
2024-09-16 01:56:47,218 Showing users list
2024-09-16 01:56:52,103 Showing users list
2024-09-16 01:56:52,874 Showing users list
2024-09-16 01:56:53,367 Showing users list
2024-09-16 01:56:53,710 Showing users list
2024-09-16 01:57:07,070 Car brand deleted
2024-09-16 01:57:07,871 Car body types list showed
2024-09-16 01:57:08,589 Showing users list
2024-09-16 01:57:10,961 Showing users list
2024-09-16 01:57:11,281 Showing users list
2024-09-16 01:58:05,972 Showing users list
2024-09-16 01:58:54,294 Showing users list
2024-09-16 01:58:55,616 Index page showed
2024-09-16 01:58:56,147 Car park page showed
2024-09-16 01:58:57,307 Contacts page showed
2024-09-16 01:58:58,771 Showing users list
2024-09-16 01:59:10,177 Showing users list
2024-09-16 01:59:36,045 Showing users list
2024-09-16 02:00:04,447 Index page showed
2024-09-16 02:00:05,303 Car park page showed
2024-09-16 02:00:06,897 Car body types list showed
2024-09-16 02:00:12,689 Car brand deleted
2024-09-16 02:00:13,282 Car body types list showed
2024-09-16 02:00:14,124 Showing users list
2024-09-16 02:00:17,001 Contacts page showed
2024-09-16 02:00:22,189 Showing users list
2024-09-16 02:01:04,061 Showing users list
2024-09-16 02:01:25,121 Showing users list
2024-09-16 02:01:27,295 Car body types list showed
2024-09-16 02:01:27,800 Showing users list
2024-09-16 02:02:08,143 Showing users list
2024-09-16 02:02:11,581 Contacts page showed
2024-09-16 02:02:12,142 Car park page showed
2024-09-16 02:02:12,827 Index page showed
2024-09-16 02:02:14,049 Fines page showed
2024-09-16 02:02:14,758 Vacancies page showed
2024-09-16 02:02:15,467 Reviews page showed
2024-09-16 02:02:16,345 Fines page showed
2024-09-16 02:02:27,807 Fines page showed
2024-09-16 02:03:02,007 Fines page showed
2024-09-16 02:03:40,852 Fines page showed
2024-09-16 02:03:47,118 Fines page showed
2024-09-16 02:04:37,013 Fines page showed
2024-09-16 02:04:49,123 Fines page showed
2024-09-16 02:05:01,115 Fines page showed
2024-09-16 02:05:10,653 Fines page showed
2024-09-16 02:05:25,552 Fines page showed
2024-09-16 02:05:28,619 Showing users list
2024-09-16 02:05:29,769 Car body types list showed
2024-09-16 02:05:30,657 Showing users list
2024-09-16 02:05:32,180 Car body types list showed
2024-09-16 02:05:33,282 Car brand deleted
2024-09-16 02:05:33,840 Car body types list showed
2024-09-16 02:05:35,372 Car brand deleted
2024-09-16 02:05:36,457 Showing statistics
2024-09-16 02:06:30,751 Showing statistics
2024-09-16 02:06:41,882 Showing statistics
2024-09-16 02:06:48,482 Showing statistics
2024-09-16 02:06:56,822 Showing statistics
2024-09-16 02:07:01,620 Showing statistics
2024-09-16 02:07:03,382 Showing statistics
2024-09-16 02:09:12,241 Showing statistics
2024-09-16 02:09:17,756 Car brand deleted
2024-09-16 02:09:20,976 Index page showed
2024-09-16 02:09:21,766 Car park page showed
2024-09-16 02:09:22,460 Contacts page showed
2024-09-16 02:09:23,601 Car park page showed
2024-09-16 02:09:25,736 Vacancies page showed
2024-09-16 02:09:26,946 Index page showed
2024-09-16 02:09:28,771 User successfuly logout
2024-09-16 02:09:33,791 User successfuly login
2024-09-16 02:09:33,826 Index page showed
2024-09-16 02:09:34,719 User profile showed
2024-09-16 02:11:05,789 User profile showed
2024-09-16 02:11:48,641 User profile showed
2024-09-16 02:12:07,006 User profile showed
2024-09-16 02:12:24,331 User profile showed
2024-09-16 02:12:40,376 User profile showed
2024-09-16 02:13:25,903 User profile showed
2024-09-16 02:13:33,164 User profile showed
2024-09-16 02:13:42,693 User profile showed
2024-09-16 02:13:55,001 User profile showed
2024-09-16 02:14:00,744 User profile showed
2024-09-16 02:14:02,504 User profile showed
2024-09-16 02:14:10,024 Contacts page showed
2024-09-16 02:14:15,964 User profile showed
2024-09-16 02:14:21,479 Index page showed
2024-09-16 02:14:50,635 Index page showed
2024-09-16 02:15:02,235 User profile showed
2024-09-16 02:15:02,905 Index page showed
2024-09-16 02:15:03,575 Car park page showed
2024-09-16 02:15:05,170 Index page showed
2024-09-16 02:15:06,390 Car park page showed
2024-09-16 02:15:07,606 Index page showed
2024-09-16 02:15:08,326 User profile showed
2024-09-16 02:15:12,496 Index page showed
2024-09-16 02:18:32,762 Index page showed
2024-09-16 02:18:40,411 Index page showed
2024-09-16 02:18:41,327 Index page showed
2024-09-16 02:18:44,596 Index page showed
2024-09-16 02:18:44,915 Index page showed
2024-09-16 02:18:56,389 Index page showed
2024-09-16 02:19:50,970 Index page showed
2024-09-16 02:19:51,852 Index page showed
2024-09-16 02:20:13,725 Index page showed
2024-09-16 02:20:14,344 Index page showed
2024-09-16 02:20:16,629 Index page showed
2024-09-16 02:20:17,664 Index page showed
2024-09-16 02:20:18,544 Index page showed
2024-09-16 02:20:28,009 Index page showed
2024-09-16 02:20:36,785 Index page showed
2024-09-16 02:22:58,661 Index page showed
2024-09-16 02:23:21,753 Index page showed
2024-09-16 02:24:19,494 Index page showed
2024-09-16 02:25:07,562 Index page showed
2024-09-16 02:25:23,155 Index page showed
2024-09-16 02:27:50,709 Index page showed
2024-09-16 02:29:11,219 Index page showed
2024-09-16 02:29:17,814 Index page showed
2024-09-16 02:29:26,198 Index page showed
2024-09-16 02:29:36,282 Index page showed
2024-09-16 02:29:42,584 Index page showed
2024-09-16 02:29:44,394 Index page showed
2024-09-16 02:29:44,699 Index page showed
2024-09-16 02:31:35,973 Index page showed
2024-09-16 02:31:44,803 Index page showed
2024-09-16 02:31:45,910 Index page showed
2024-09-16 02:32:10,086 Index page showed
2024-09-16 02:32:50,277 Index page showed
2024-09-16 02:33:00,567 Index page showed
2024-09-16 02:33:29,868 Index page showed
2024-09-16 02:34:24,061 Index page showed
2024-09-16 02:35:49,100 Index page showed
2024-09-16 02:36:11,763 Index page showed
2024-09-16 02:36:21,022 Index page showed
2024-09-16 02:36:46,946 Index page showed
2024-09-16 02:36:47,832 User profile showed
2024-09-16 02:36:49,362 User successfuly logout
2024-09-16 02:37:45,186 User successfuly login
2024-09-16 02:37:45,228 Index page showed
2024-09-16 02:37:46,773 User successfuly logout
2024-09-16 02:37:50,000 User successfuly login
2024-09-16 02:37:50,033 Index page showed
2024-09-16 02:38:09,661 Index page showed
2024-09-16 02:38:10,696 Index page showed
2024-09-16 02:38:18,957 Index page showed
2024-09-16 02:38:33,053 Index page showed
2024-09-16 02:38:34,879 Showing statistics
2024-09-16 02:38:37,620 Showing users list
2024-09-16 02:38:38,085 Car body types list showed
2024-09-16 02:38:38,712 User successfuly logout
2024-09-16 02:38:45,035 User successfuly login
2024-09-16 02:38:45,075 Index page showed
2024-09-16 02:38:46,026 User profile showed
2024-09-16 02:38:47,138 User profile showed
2024-09-16 02:38:48,855 Index page showed
2024-09-16 02:38:58,955 Index page showed
2024-09-16 02:38:59,678 Car park page showed
2024-09-16 02:39:00,405 Index page showed
2024-09-16 02:41:56,562 User successfuly logout
2024-09-16 02:42:03,754 User successfuly login
2024-09-16 02:42:03,784 Index page showed
2024-09-16 02:42:39,717 Index page showed
2024-09-16 02:43:02,405 Index page showed
2024-09-16 02:43:11,715 Index page showed
2024-09-16 02:46:49,423 Index page showed
2024-09-16 02:47:12,031 Index page showed
2024-09-16 02:48:33,659 Index page showed
2024-09-16 02:48:40,824 Index page showed
2024-09-16 02:48:46,149 Index page showed
2024-09-16 02:48:51,999 Index page showed
2024-09-16 02:48:55,603 Index page showed
2024-09-16 02:49:04,132 Index page showed
2024-09-16 02:49:24,834 Index page showed
2024-09-16 02:49:25,563 Index page showed
2024-09-16 02:49:26,111 Car park page showed
2024-09-16 02:49:26,724 Index page showed
2024-09-16 02:49:27,643 Car park page showed
2024-09-16 02:49:28,714 Index page showed
2024-09-16 02:49:30,065 User successfuly logout
2024-09-16 02:49:36,968 User successfuly login
2024-09-16 02:49:37,008 Index page showed
2024-09-16 02:49:38,153 Index page showed
2024-09-16 02:50:57,895 Car park page showed
2024-09-16 02:50:58,611 Index page showed
2024-09-16 02:52:30,498 Index page showed
2024-09-16 02:52:31,648 Index page showed
2024-09-16 02:52:32,748 Contacts page showed
2024-09-16 02:52:33,295 Discounts page showed
2024-09-16 02:52:33,668 Fines page showed
2024-09-16 02:52:34,228 Reviews page showed
2024-09-16 02:52:34,628 Vacancies page showed
2024-09-16 02:52:35,368 About page showed
2024-09-16 02:52:35,868 Privacy policy page showed
2024-09-16 02:52:36,728 About page showed
2024-09-16 02:53:22,825 About page showed
2024-09-16 02:54:04,357 Index page showed
