2024-05-18 13:35:55,929 Showing statistics
2024-05-18 13:35:56,663 Showing statistics
2024-05-18 13:35:57,943 Showing statistics
2024-05-18 13:35:59,213 Showing statistics
2024-05-18 13:36:00,974 Showing statistics
2024-05-18 13:36:02,203 Showing statistics
2024-05-18 19:20:55,554 Car park page showed
2024-05-18 19:22:38,820 Car park page showed
2024-05-18 19:22:40,506 Cat facts showed
2024-05-18 19:23:45,357 Car park page showed
2024-05-18 19:23:46,048 Cat facts showed
2024-05-18 19:23:46,059 Discounts page showed
2024-05-18 19:23:46,071 Fines page showed
2024-05-18 19:23:56,538 Car park page showed
2024-05-18 19:23:57,478 Cat facts showed
2024-05-18 19:23:57,490 Discounts page showed
2024-05-18 19:23:57,502 Fines page showed
2024-05-18 19:24:17,331 Car park page showed
2024-05-18 19:24:18,021 Cat facts showed
2024-05-18 19:24:18,033 Discounts page showed
2024-05-18 19:24:18,045 Fines page showed
2024-05-18 19:24:34,228 Car park page showed
2024-05-18 19:24:34,908 Cat facts showed
2024-05-18 19:24:34,920 Discounts page showed
2024-05-18 19:24:34,933 Fines page showed
2024-05-18 19:24:56,788 Car park page showed
2024-05-18 19:24:57,490 Cat facts showed
2024-05-18 19:24:57,502 Discounts page showed
2024-05-18 19:24:57,514 Fines page showed
2024-05-18 19:25:25,484 Car park page showed
2024-05-18 19:25:26,190 Cat facts showed
2024-05-18 19:25:26,203 Discounts page showed
2024-05-18 19:25:26,215 Fines page showed
2024-05-18 19:27:19,255 Car park page showed
2024-05-18 19:27:20,025 Cat facts showed
2024-05-18 19:27:20,037 Discounts page showed
2024-05-18 19:27:20,048 Fines page showed
2024-05-18 19:27:20,088 Glossary page showed
2024-05-18 19:27:20,101 News list showed
2024-05-18 19:27:20,119 Reviews page showed
2024-05-18 19:29:00,611 Car park page showed
2024-05-18 19:29:01,388 Cat facts showed
2024-05-18 19:29:01,400 Discounts page showed
2024-05-18 19:29:01,413 Fines page showed
2024-05-18 19:29:01,450 Glossary page showed
2024-05-18 19:29:01,464 News list showed
2024-05-18 19:29:01,483 Reviews page showed
2024-05-18 19:29:58,563 Car park page showed
2024-05-18 19:29:59,281 Cat facts showed
2024-05-18 19:29:59,294 Discounts page showed
2024-05-18 19:29:59,328 Fines page showed
2024-05-18 19:29:59,367 Glossary page showed
2024-05-18 19:29:59,381 News list showed
2024-05-18 19:29:59,398 Reviews page showed
2024-05-18 19:30:12,791 Car park page showed
2024-05-18 19:30:13,572 Cat facts showed
2024-05-18 19:30:13,589 Car deleted
2024-05-18 19:30:13,593 Discounts page showed
2024-05-18 19:30:13,628 Fines page showed
2024-05-18 19:30:13,682 Glossary page showed
2024-05-18 19:30:13,695 News list showed
2024-05-18 19:30:13,715 Reviews page showed
2024-05-18 19:30:24,586 Car park page showed
2024-05-18 19:30:25,300 Cat facts showed
2024-05-18 19:30:25,317 Car deleted
2024-05-18 19:30:25,319 Discounts page showed
2024-05-18 19:30:25,351 Fines page showed
2024-05-18 19:30:25,392 Glossary page showed
2024-05-18 19:30:25,405 News list showed
2024-05-18 19:30:25,423 Reviews page showed
2024-05-18 19:49:50,640 Car park page showed
2024-05-18 19:49:51,507 Cat facts showed
2024-05-18 19:49:51,523 Car deleted
2024-05-18 19:49:51,528 Car brand deleted
2024-05-18 19:49:51,533 Discount deleted
2024-05-18 19:49:51,536 Fine deleted
2024-05-18 19:49:51,569 Discounts page showed
2024-05-18 19:49:51,669 Fines page showed
2024-05-18 19:49:51,711 Glossary page showed
2024-05-18 19:49:51,726 News list showed
2024-05-18 19:49:51,746 Reviews page showed
2024-05-18 19:50:09,303 Car park page showed
2024-05-18 19:50:10,208 Cat facts showed
2024-05-18 19:50:10,224 Car deleted
2024-05-18 19:50:10,230 Car brand deleted
2024-05-18 19:50:10,235 Discount deleted
2024-05-18 19:50:10,239 Fine deleted
2024-05-18 19:50:10,248 Discounts page showed
2024-05-18 19:50:10,336 Fines page showed
2024-05-18 19:50:10,375 Glossary page showed
2024-05-18 19:50:10,387 News list showed
2024-05-18 19:50:10,403 Reviews page showed
2024-05-18 19:50:46,055 Car park page showed
2024-05-18 19:50:46,748 Cat facts showed
2024-05-18 19:50:46,767 Car deleted
2024-05-18 19:50:46,773 Car brand deleted
2024-05-18 19:50:46,779 Discount deleted
2024-05-18 19:50:46,785 Fine deleted
2024-05-18 19:50:46,795 Discounts page showed
2024-05-18 19:50:46,908 Fines page showed
2024-05-18 19:50:46,950 Glossary page showed
2024-05-18 19:50:46,963 News list showed
2024-05-18 19:50:46,984 Reviews page showed
2024-05-18 19:51:30,414 Car park page showed
2024-05-18 19:51:31,120 Cat facts showed
2024-05-18 19:51:31,136 Car deleted
2024-05-18 19:51:31,142 Car brand deleted
2024-05-18 19:51:31,147 Discount deleted
2024-05-18 19:51:31,150 Fine deleted
2024-05-18 19:51:31,152 Discounts page showed
2024-05-18 19:51:31,250 Fines page showed
2024-05-18 19:51:31,291 Glossary page showed
2024-05-18 19:51:31,304 News list showed
2024-05-18 19:51:31,321 Reviews page showed
2024-05-18 19:52:29,693 Car park page showed
2024-05-18 19:52:30,391 Cat facts showed
2024-05-18 19:52:30,408 Car deleted
2024-05-18 19:52:30,413 Car brand deleted
2024-05-18 19:52:30,417 Discount deleted
2024-05-18 19:52:30,421 Fine deleted
2024-05-18 19:52:30,423 Discounts page showed
2024-05-18 19:52:30,520 Fines page showed
2024-05-18 19:52:30,560 Glossary page showed
2024-05-18 19:52:30,573 News list showed
2024-05-18 19:52:30,598 Reviews page showed
2024-05-18 19:53:17,034 Car park page showed
2024-05-18 19:53:17,733 Cat facts showed
2024-05-18 19:53:17,749 Car deleted
2024-05-18 19:53:17,754 Car brand deleted
2024-05-18 19:53:17,759 Discount deleted
2024-05-18 19:53:17,763 Fine deleted
2024-05-18 19:53:17,764 Discounts page showed
2024-05-18 19:53:17,863 Fines page showed
2024-05-18 19:53:17,903 Glossary page showed
2024-05-18 19:53:17,930 News list showed
2024-05-18 19:53:17,954 Reviews page showed
2024-05-18 19:54:08,199 Car park page showed
2024-05-18 19:54:08,965 Cat facts showed
2024-05-18 19:54:08,982 Car deleted
2024-05-18 19:54:08,987 Car brand deleted
2024-05-18 19:54:08,993 Discount deleted
2024-05-18 19:54:08,996 Fine deleted
2024-05-18 19:54:08,998 Discounts page showed
2024-05-18 19:54:09,094 Fines page showed
2024-05-18 19:54:09,137 Glossary page showed
2024-05-18 19:54:09,163 News list showed
2024-05-18 19:54:09,186 Reviews page showed
2024-05-18 19:55:44,425 Car park page showed
2024-05-18 19:55:45,329 Cat facts showed
2024-05-18 19:55:45,347 Car deleted
2024-05-18 19:55:45,352 Car brand deleted
2024-05-18 19:55:45,358 Discount deleted
2024-05-18 19:55:45,363 Fine deleted
2024-05-18 19:55:45,364 Discounts page showed
2024-05-18 19:55:45,474 Fines page showed
2024-05-18 19:55:45,513 Glossary page showed
2024-05-18 19:55:45,537 News list showed
2024-05-18 19:55:45,560 Reviews page showed
2024-05-18 19:56:37,504 Car park page showed
2024-05-18 19:56:38,232 Cat facts showed
2024-05-18 19:56:38,249 Car deleted
2024-05-18 19:56:38,255 Car brand deleted
2024-05-18 19:56:38,260 Discount deleted
2024-05-18 19:56:38,264 Fine deleted
2024-05-18 19:56:38,265 Discounts page showed
2024-05-18 19:56:38,366 Fines page showed
2024-05-18 19:56:38,410 Glossary page showed
2024-05-18 19:56:38,438 News list showed
2024-05-18 19:56:38,461 Reviews page showed
2024-05-18 19:57:26,242 Car park page showed
2024-05-18 19:57:27,051 Cat facts showed
2024-05-18 19:57:27,073 Car deleted
2024-05-18 19:57:27,078 Car brand deleted
2024-05-18 19:57:27,084 Discount deleted
2024-05-18 19:57:27,088 Fine deleted
2024-05-18 19:57:27,089 Discounts page showed
2024-05-18 19:57:27,189 Fines page showed
2024-05-18 19:57:27,230 Glossary page showed
2024-05-18 19:57:27,257 News list showed
2024-05-18 19:57:27,279 Reviews page showed
2024-05-18 19:58:20,939 Car park page showed
2024-05-18 19:58:21,633 Cat facts showed
2024-05-18 19:58:21,658 Car deleted
2024-05-18 19:58:21,664 Car brand deleted
2024-05-18 19:58:21,669 Discount deleted
2024-05-18 19:58:21,673 Fine deleted
2024-05-18 19:58:21,674 Discounts page showed
2024-05-18 19:58:21,769 Fines page showed
2024-05-18 19:58:21,807 Glossary page showed
2024-05-18 19:58:21,835 News list showed
2024-05-18 19:58:21,857 Reviews page showed
2024-05-18 19:58:45,016 Car park page showed
2024-05-18 19:58:45,744 Cat facts showed
2024-05-18 19:58:45,767 Car deleted
2024-05-18 19:58:45,772 Car brand deleted
2024-05-18 19:58:45,776 Discount deleted
2024-05-18 19:58:45,780 Fine deleted
2024-05-18 19:58:45,782 Discounts page showed
2024-05-18 19:58:45,878 Fines page showed
2024-05-18 19:58:45,914 Glossary page showed
2024-05-18 19:58:45,938 News list showed
2024-05-18 19:58:45,957 Reviews page showed
2024-05-18 19:58:51,387 Car park page showed
2024-05-18 19:58:52,493 Cat facts showed
2024-05-18 19:58:52,515 Car deleted
2024-05-18 19:58:52,521 Car brand deleted
2024-05-18 19:58:52,526 Discount deleted
2024-05-18 19:58:52,529 Fine deleted
2024-05-18 19:58:52,531 Discounts page showed
2024-05-18 19:58:52,628 Fines page showed
2024-05-18 19:58:52,666 Glossary page showed
2024-05-18 19:58:52,689 News list showed
2024-05-18 19:58:52,708 Reviews page showed
2024-05-18 20:00:09,365 Car park page showed
2024-05-18 20:00:12,856 Cat facts showed
2024-05-18 20:00:12,877 Car deleted
2024-05-18 20:00:12,881 Car brand deleted
2024-05-18 20:00:12,886 Discount deleted
2024-05-18 20:00:12,889 Fine deleted
2024-05-18 20:00:12,890 Discounts page showed
2024-05-18 20:00:13,002 Fines page showed
2024-05-18 20:00:13,045 Glossary page showed
2024-05-18 20:00:13,076 News list showed
2024-05-18 20:00:13,125 Reviews page showed
2024-05-18 20:00:59,867 Car park page showed
2024-05-18 20:01:00,627 Cat facts showed
2024-05-18 20:01:00,649 Car deleted
2024-05-18 20:01:00,654 Car brand deleted
2024-05-18 20:01:00,659 Discount deleted
2024-05-18 20:01:00,662 Fine deleted
2024-05-18 20:01:00,663 Discounts page showed
2024-05-18 20:01:00,765 Fines page showed
2024-05-18 20:01:00,805 Glossary page showed
2024-05-18 20:01:00,834 News list showed
2024-05-18 20:01:00,881 Reviews page showed
2024-05-18 20:01:00,892 Order has been successfuly made
2024-05-18 20:01:35,414 Car park page showed
2024-05-18 20:01:36,231 Cat facts showed
2024-05-18 20:01:36,253 Car deleted
2024-05-18 20:01:36,259 Car brand deleted
2024-05-18 20:01:36,265 Discount deleted
2024-05-18 20:01:36,269 Fine deleted
2024-05-18 20:01:36,270 Discounts page showed
2024-05-18 20:01:36,381 Fines page showed
2024-05-18 20:01:36,428 Glossary page showed
2024-05-18 20:01:36,462 Making order page showed
2024-05-18 20:01:36,481 News list showed
2024-05-18 20:01:36,528 Reviews page showed
2024-05-18 20:01:36,540 Order has been successfuly made
2024-05-18 20:01:51,207 Car park page showed
2024-05-18 20:01:51,929 Cat facts showed
2024-05-18 20:01:51,950 Car deleted
2024-05-18 20:01:51,955 Car brand deleted
2024-05-18 20:01:51,960 Discount deleted
2024-05-18 20:01:51,963 Fine deleted
2024-05-18 20:01:51,964 Discounts page showed
2024-05-18 20:01:52,067 Fines page showed
2024-05-18 20:01:52,108 Glossary page showed
2024-05-18 20:01:52,134 Making order page showed
2024-05-18 20:01:52,150 News list showed
2024-05-18 20:01:52,195 Reviews page showed
2024-05-18 20:01:52,207 Order has been successfuly made
2024-05-18 20:02:46,376 Car park page showed
2024-05-18 20:02:47,121 Cat facts showed
2024-05-18 20:02:47,142 Car deleted
2024-05-18 20:02:47,146 Car brand deleted
2024-05-18 20:02:47,151 Discount deleted
2024-05-18 20:02:47,155 Fine deleted
2024-05-18 20:02:47,156 Discounts page showed
2024-05-18 20:02:47,239 Fines page showed
2024-05-18 20:02:47,281 Glossary page showed
2024-05-18 20:02:47,307 Making order page showed
2024-05-18 20:02:47,325 News list showed
2024-05-18 20:02:47,369 Reviews page showed
2024-05-18 20:02:47,382 Order has been successfuly made
2024-05-18 20:02:58,132 Car park page showed
2024-05-18 20:02:58,842 Cat facts showed
2024-05-18 20:02:58,863 Car deleted
2024-05-18 20:02:58,869 Car brand deleted
2024-05-18 20:02:58,873 Discount deleted
2024-05-18 20:02:58,876 Fine deleted
2024-05-18 20:02:58,877 Discounts page showed
2024-05-18 20:02:58,969 Index page showed
2024-05-18 20:02:58,988 Fines page showed
2024-05-18 20:02:59,030 Glossary page showed
2024-05-18 20:02:59,055 Making order page showed
2024-05-18 20:02:59,072 News list showed
2024-05-18 20:02:59,117 Reviews page showed
2024-05-18 20:02:59,127 Order has been successfuly made
2024-05-18 20:03:36,641 Car park page showed
2024-05-18 20:03:37,623 Cat facts showed
2024-05-18 20:03:37,645 Car deleted
2024-05-18 20:03:37,654 Car brand deleted
2024-05-18 20:03:37,659 Discount deleted
2024-05-18 20:03:37,663 Fine deleted
2024-05-18 20:03:37,665 Discounts page showed
2024-05-18 20:03:37,749 Index page showed
2024-05-18 20:03:37,767 Fines page showed
2024-05-18 20:03:37,807 Glossary page showed
2024-05-18 20:03:37,833 Making order page showed
2024-05-18 20:03:37,852 News list showed
2024-05-18 20:03:37,898 Reviews page showed
2024-05-18 20:03:37,910 Order has been successfuly made
2024-05-18 20:03:56,374 Car park page showed
2024-05-18 20:03:57,226 Cat facts showed
2024-05-18 20:03:57,245 Car deleted
2024-05-18 20:03:57,251 Car brand deleted
2024-05-18 20:03:57,257 Discount deleted
2024-05-18 20:03:57,261 Fine deleted
2024-05-18 20:03:57,263 Discounts page showed
2024-05-18 20:03:57,350 Index page showed
2024-05-18 20:03:57,399 Fines page showed
2024-05-18 20:03:57,438 Glossary page showed
2024-05-18 20:03:57,462 Making order page showed
2024-05-18 20:03:57,477 News list showed
2024-05-18 20:03:57,516 Reviews page showed
2024-05-18 20:03:57,527 Order has been successfuly made
2024-05-18 20:04:19,052 Car park page showed
2024-05-18 20:04:19,764 Cat facts showed
2024-05-18 20:04:19,784 Car deleted
2024-05-18 20:04:19,790 Car brand deleted
2024-05-18 20:04:19,797 Discount deleted
2024-05-18 20:04:19,801 Fine deleted
2024-05-18 20:04:19,802 Discounts page showed
2024-05-18 20:04:19,815 About page showed
2024-05-18 20:04:19,895 Index page showed
2024-05-18 20:04:19,937 Fines page showed
2024-05-18 20:04:19,978 Glossary page showed
2024-05-18 20:04:20,003 Making order page showed
2024-05-18 20:04:20,020 News list showed
2024-05-18 20:04:20,064 Reviews page showed
2024-05-18 20:04:20,076 Order has been successfuly made
2024-05-18 20:04:55,219 Car park page showed
2024-05-18 20:04:55,936 Cat facts showed
2024-05-18 20:04:55,957 Car deleted
2024-05-18 20:04:55,962 Car brand deleted
2024-05-18 20:04:55,966 Discount deleted
2024-05-18 20:04:55,970 Fine deleted
2024-05-18 20:04:55,972 Discounts page showed
2024-05-18 20:04:55,983 About page showed
2024-05-18 20:04:56,067 Index page showed
2024-05-18 20:04:56,108 Fines page showed
2024-05-18 20:04:56,149 Glossary page showed
2024-05-18 20:04:56,175 Making order page showed
2024-05-18 20:04:56,192 News list showed
2024-05-18 20:04:56,232 Reviews page showed
2024-05-18 20:04:56,244 Order has been successfuly made
2024-05-18 20:05:10,466 Car park page showed
2024-05-18 20:05:11,226 Cat facts showed
2024-05-18 20:05:11,247 Car deleted
2024-05-18 20:05:11,255 Car brand deleted
2024-05-18 20:05:11,259 Discount deleted
2024-05-18 20:05:11,263 Fine deleted
2024-05-18 20:05:11,264 Discounts page showed
2024-05-18 20:05:11,279 About page showed
2024-05-18 20:05:11,363 Index page showed
2024-05-18 20:05:11,403 Fines page showed
2024-05-18 20:05:11,442 Glossary page showed
2024-05-18 20:05:11,466 Making order page showed
2024-05-18 20:05:11,480 News list showed
2024-05-18 20:05:11,520 Reviews page showed
2024-05-18 20:05:11,531 Order has been successfuly made
2024-05-18 20:06:10,521 Car park page showed
2024-05-18 20:06:11,297 Cat facts showed
2024-05-18 20:06:11,320 Car deleted
2024-05-18 20:06:11,325 Car brand deleted
2024-05-18 20:06:11,330 Discount deleted
2024-05-18 20:06:11,334 Fine deleted
2024-05-18 20:06:11,335 Discounts page showed
2024-05-18 20:06:11,347 About page showed
2024-05-18 20:06:11,394 Contacts page showed
2024-05-18 20:06:11,441 Index page showed
2024-05-18 20:06:11,458 Privacy policy page showed
2024-05-18 20:06:11,473 Vacancies page showed
2024-05-18 20:06:11,506 Fines page showed
2024-05-18 20:06:11,546 Glossary page showed
2024-05-18 20:06:11,568 Making order page showed
2024-05-18 20:06:11,583 News list showed
2024-05-18 20:06:11,624 Reviews page showed
2024-05-18 20:06:11,634 Order has been successfuly made
2024-05-18 20:08:03,669 Car park page showed
2024-05-18 20:08:04,472 Cat facts showed
2024-05-18 20:08:04,492 Car deleted
2024-05-18 20:08:04,497 Car brand deleted
2024-05-18 20:08:04,502 Discount deleted
2024-05-18 20:08:04,507 Fine deleted
2024-05-18 20:08:04,509 Discounts page showed
2024-05-18 20:08:04,522 About page showed
2024-05-18 20:08:04,572 Contacts page showed
2024-05-18 20:08:04,627 Index page showed
2024-05-18 20:08:04,650 Privacy policy page showed
2024-05-18 20:08:04,663 Vacancies page showed
2024-05-18 20:08:04,699 Fines page showed
2024-05-18 20:08:04,755 Glossary page showed
2024-05-18 20:08:04,784 Making order page showed
2024-05-18 20:08:04,799 News list showed
2024-05-18 20:08:04,839 Reviews page showed
2024-05-18 20:08:04,851 Order has been successfuly made
2024-05-18 20:08:37,118 Car park page showed
2024-05-18 20:08:37,822 Cat facts showed
2024-05-18 20:08:37,843 Car deleted
2024-05-18 20:08:37,849 Car brand deleted
2024-05-18 20:08:37,853 Discount deleted
2024-05-18 20:08:37,856 Fine deleted
2024-05-18 20:08:37,858 Discounts page showed
2024-05-18 20:08:37,868 About page showed
2024-05-18 20:08:37,912 Contacts page showed
2024-05-18 20:08:37,958 Index page showed
2024-05-18 20:08:37,973 Privacy policy page showed
2024-05-18 20:08:37,988 Vacancies page showed
2024-05-18 20:08:38,019 Fines page showed
2024-05-18 20:08:38,063 Glossary page showed
2024-05-18 20:08:38,095 Making order page showed
2024-05-18 20:08:38,109 News list showed
2024-05-18 20:08:38,152 Reviews page showed
2024-05-18 20:08:38,162 Order has been successfuly made
2024-05-18 20:10:45,178 Car park page showed
2024-05-18 20:10:45,885 Cat facts showed
2024-05-18 20:10:45,902 Car deleted
2024-05-18 20:10:45,907 Car brand deleted
2024-05-18 20:10:45,911 Discount deleted
2024-05-18 20:10:45,915 Fine deleted
2024-05-18 20:10:45,916 Discounts page showed
2024-05-18 20:10:46,014 Fines page showed
2024-05-18 20:10:46,055 Glossary page showed
2024-05-18 20:10:46,068 News list showed
2024-05-18 20:10:46,086 Reviews page showed
2024-05-18 20:10:46,125 About page showed
2024-05-18 20:10:46,135 Contacts page showed
2024-05-18 20:10:46,151 Index page showed
2024-05-18 20:10:46,168 Privacy policy page showed
2024-05-18 20:10:46,182 Vacancies page showed
2024-05-18 20:10:46,214 Making order page showed
2024-05-18 20:10:46,256 Order has been successfuly made
2024-05-18 20:11:21,026 Car park page showed
2024-05-18 20:11:21,777 Cat facts showed
2024-05-18 20:11:21,794 Car deleted
2024-05-18 20:11:21,800 Car brand deleted
2024-05-18 20:11:21,805 Discount deleted
2024-05-18 20:11:21,809 Fine deleted
2024-05-18 20:11:21,811 Discounts page showed
2024-05-18 20:11:21,908 Fines page showed
2024-05-18 20:11:21,948 Glossary page showed
2024-05-18 20:11:21,962 News list showed
2024-05-18 20:11:21,980 Reviews page showed
2024-05-18 20:11:22,019 About page showed
2024-05-18 20:11:22,031 Contacts page showed
2024-05-18 20:11:22,045 Index page showed
2024-05-18 20:11:22,060 Privacy policy page showed
2024-05-18 20:11:22,071 Vacancies page showed
2024-05-18 20:11:22,098 Making order page showed
2024-05-18 20:11:22,134 Order has been successfuly made
2024-05-18 20:12:06,481 Car park page showed
2024-05-18 20:12:07,179 Cat facts showed
2024-05-18 20:12:07,202 Car deleted
2024-05-18 20:12:07,209 Car brand deleted
2024-05-18 20:12:07,214 Discount deleted
2024-05-18 20:12:07,219 Fine deleted
2024-05-18 20:12:07,222 Discounts page showed
2024-05-18 20:12:07,235 About page showed
2024-05-18 20:12:07,281 Contacts page showed
2024-05-18 20:12:07,328 Index page showed
2024-05-18 20:12:07,344 Privacy policy page showed
2024-05-18 20:12:07,359 Vacancies page showed
2024-05-18 20:12:07,391 Fines page showed
2024-05-18 20:12:07,429 Glossary page showed
2024-05-18 20:12:07,457 Making order page showed
2024-05-18 20:12:07,472 News list showed
2024-05-18 20:12:07,514 Reviews page showed
2024-05-18 20:12:07,526 Order has been successfuly made
2024-05-18 20:13:57,909 Car park page showed
2024-05-18 20:13:58,643 Cat facts showed
2024-05-18 20:13:58,662 Car deleted
2024-05-18 20:13:58,668 Car brand deleted
2024-05-18 20:13:58,672 Discount deleted
2024-05-18 20:13:58,676 Fine deleted
2024-05-18 20:13:58,677 Discounts page showed
2024-05-18 20:13:58,690 About page showed
2024-05-18 20:13:58,737 Contacts page showed
2024-05-18 20:13:58,831 Index page showed
2024-05-18 20:13:58,864 Privacy policy page showed
2024-05-18 20:13:58,887 Vacancies page showed
2024-05-18 20:13:58,942 Fines page showed
2024-05-18 20:13:58,996 Glossary page showed
2024-05-18 20:13:59,030 Making order page showed
2024-05-18 20:13:59,048 News list showed
2024-05-18 20:13:59,094 Reviews page showed
2024-05-18 20:13:59,108 Order has been successfuly made
2024-05-18 20:14:17,012 Car park page showed
2024-05-18 20:14:17,813 Cat facts showed
2024-05-18 20:14:17,840 Car deleted
2024-05-18 20:14:17,845 Car brand deleted
2024-05-18 20:14:17,850 Discount deleted
2024-05-18 20:14:17,853 Fine deleted
2024-05-18 20:14:17,855 Discounts page showed
2024-05-18 20:14:17,877 About page showed
2024-05-18 20:14:17,944 Contacts page showed
2024-05-18 20:14:18,017 Index page showed
2024-05-18 20:14:18,047 Privacy policy page showed
2024-05-18 20:14:18,066 Vacancies page showed
2024-05-18 20:14:18,112 Fines page showed
2024-05-18 20:14:18,167 Glossary page showed
2024-05-18 20:14:18,206 Making order page showed
2024-05-18 20:14:18,230 News list showed
2024-05-18 20:14:18,298 Reviews page showed
2024-05-18 20:14:18,317 Order has been successfuly made
2024-05-18 20:24:36,558 Index page showed
2024-05-18 20:24:38,859 User successfuly logout
2024-05-18 20:24:43,271 User successfuly login
2024-05-18 20:24:43,300 Index page showed
2024-05-18 20:26:17,491 User profile showed
2024-05-18 20:26:59,230 Car park page showed
2024-05-18 20:26:59,787 Index page showed
2024-05-18 20:27:00,319 Car park page showed
2024-05-18 20:27:07,070 Contacts page showed
2024-05-18 20:27:25,532 Discounts page showed
2024-05-18 20:27:30,757 Fines page showed
2024-05-18 20:27:37,448 Reviews page showed
2024-05-18 20:27:43,157 Vacancies page showed
2024-05-18 20:27:48,291 Glossary page showed
2024-05-18 20:27:53,363 News list showed
2024-05-18 20:27:59,698 Cat facts showed
2024-05-18 20:28:05,162 About page showed
2024-05-18 20:28:12,481 List orders showed
2024-05-18 20:28:15,362 User profile showed
2024-05-18 20:28:16,883 User profile showed
2024-05-18 20:28:17,581 Car park page showed
2024-05-18 20:28:25,486 User successfuly logout
2024-05-18 20:28:29,347 User successfuly login
2024-05-18 20:28:29,372 Index page showed
2024-05-18 20:28:29,817 User profile showed
2024-05-18 20:28:30,355 List orders showed for worker
2024-05-18 20:28:37,489 User successfuly logout
2024-05-18 20:28:40,461 User successfuly login
2024-05-18 20:28:40,488 Index page showed
2024-05-18 20:28:42,667 Showing users list
2024-05-18 20:28:44,023 Car body types list showed
2024-05-18 20:28:45,358 Car brand deleted
2024-05-18 20:28:46,310 Showing statistics
2024-05-18 20:28:46,680 Car park page showed
2024-05-18 20:28:47,875 Showing statistics
2024-05-18 20:28:49,729 Car brand deleted
2024-05-18 20:28:50,207 Showing statistics
2024-05-18 20:28:51,099 Car brand deleted
2024-05-18 20:28:51,469 Showing statistics
2024-05-18 20:28:56,214 Car park page showed
2024-05-18 20:28:59,029 Showing users list
2024-05-18 20:29:08,822 Showing users list
2024-05-18 20:29:09,191 Car body types list showed
2024-05-18 20:29:14,420 Car brand deleted
2024-05-18 20:29:20,126 Showing statistics
2024-05-18 20:29:34,661 Showing users list
2024-05-18 20:29:35,443 Car body types list showed
2024-05-18 20:29:37,339 Car brand deleted
2024-05-18 20:29:37,837 Cat facts showed
2024-05-18 20:29:38,520 Car park page showed
2024-05-18 20:29:38,804 Car park page showed
2024-05-18 20:29:42,486 Car park page showed
2024-05-18 20:29:45,034 Car park page showed
2024-05-18 20:29:47,889 Car park page showed
2024-05-18 20:29:48,662 Car park page showed
2024-05-18 20:29:49,605 User successfuly logout
2024-05-18 20:29:57,732 Index page showed
2024-05-18 20:30:14,821 User successfuly login
2024-05-18 20:30:14,846 Index page showed
2024-05-18 20:42:00,794 Car park page showed
2024-05-18 20:42:01,595 Cat facts showed
2024-05-18 20:42:01,617 Car deleted
2024-05-18 20:42:01,623 Car brand deleted
2024-05-18 20:42:01,627 Discount deleted
2024-05-18 20:42:01,630 Fine deleted
2024-05-18 20:42:01,633 Discounts page showed
2024-05-18 20:42:01,644 About page showed
2024-05-18 20:42:01,689 Contacts page showed
2024-05-18 20:42:01,741 Index page showed
2024-05-18 20:42:01,759 Privacy policy page showed
2024-05-18 20:42:01,774 Vacancies page showed
2024-05-18 20:42:01,810 Fines page showed
2024-05-18 20:42:01,855 Glossary page showed
2024-05-18 20:42:01,884 Making order page showed
2024-05-18 20:42:01,901 News list showed
2024-05-18 20:42:01,941 Reviews page showed
2024-05-18 20:42:01,952 Order has been successfuly made
2024-05-18 20:44:27,814 Car park page showed
2024-05-18 20:44:28,951 Cat facts showed
2024-05-18 20:44:28,971 Car deleted
2024-05-18 20:44:28,977 Car brand deleted
2024-05-18 20:44:28,981 Discount deleted
2024-05-18 20:44:28,985 Fine deleted
2024-05-18 20:44:28,986 Discounts page showed
2024-05-18 20:44:28,998 About page showed
2024-05-18 20:44:29,054 Contacts page showed
2024-05-18 20:44:29,103 Index page showed
2024-05-18 20:44:29,118 Privacy policy page showed
2024-05-18 20:44:29,132 Vacancies page showed
2024-05-18 20:44:29,166 Fines page showed
2024-05-18 20:44:29,206 Glossary page showed
2024-05-18 20:44:29,233 Making order page showed
2024-05-18 20:44:29,248 News list showed
2024-05-18 20:44:29,299 Reviews page showed
2024-05-18 20:44:29,311 Order has been successfuly made
2024-05-18 20:44:43,635 Car park page showed
2024-05-18 20:44:45,151 Cat facts showed
2024-05-18 20:44:45,171 Car deleted
2024-05-18 20:44:45,176 Car brand deleted
2024-05-18 20:44:45,181 Discount deleted
2024-05-18 20:44:45,185 Fine deleted
2024-05-18 20:44:45,186 Discounts page showed
2024-05-18 20:44:45,198 About page showed
2024-05-18 20:44:45,245 Contacts page showed
2024-05-18 20:44:45,293 Index page showed
2024-05-18 20:44:45,309 Privacy policy page showed
2024-05-18 20:44:45,323 Vacancies page showed
2024-05-18 20:44:45,359 Fines page showed
2024-05-18 20:44:45,401 Glossary page showed
2024-05-18 20:44:45,431 Making order page showed
2024-05-18 20:44:45,446 News list showed
2024-05-18 20:44:45,490 Reviews page showed
2024-05-18 20:44:45,501 Order has been successfuly made
2024-05-18 20:45:01,708 Car park page showed
2024-05-18 20:45:03,211 Cat facts showed
2024-05-18 20:45:03,231 Car deleted
2024-05-18 20:45:03,236 Car brand deleted
2024-05-18 20:45:03,240 Discount deleted
2024-05-18 20:45:03,244 Fine deleted
2024-05-18 20:45:03,245 Discounts page showed
2024-05-18 20:45:03,257 About page showed
2024-05-18 20:45:03,302 Contacts page showed
2024-05-18 20:45:03,349 Index page showed
2024-05-18 20:45:03,366 Privacy policy page showed
2024-05-18 20:45:03,379 Vacancies page showed
2024-05-18 20:45:03,413 Fines page showed
2024-05-18 20:45:03,464 Glossary page showed
2024-05-18 20:45:03,496 Making order page showed
2024-05-18 20:45:03,512 News list showed
2024-05-18 20:45:03,557 Reviews page showed
2024-05-18 20:45:03,569 Order has been successfuly made
2024-05-24 00:42:07,332 Index page showed
2024-05-24 00:42:09,561 Index page showed
2024-05-24 00:42:10,226 Car park page showed
2024-05-24 00:42:11,897 Contacts page showed
2024-05-24 00:42:12,393 Car park page showed
2024-05-24 00:42:13,125 Car park page showed
2024-05-24 00:42:19,210 Showing users list
2024-05-24 00:42:19,623 Car body types list showed
2024-05-24 00:42:20,433 Showing users list
2024-05-24 00:42:21,991 Showing statistics
2024-05-24 00:42:28,663 Index page showed
2024-05-24 00:42:29,374 Car park page showed
2024-05-24 00:42:30,273 Index page showed
2024-05-24 00:42:30,903 Contacts page showed
2024-05-24 00:42:31,615 Car park page showed
2024-05-24 00:42:36,306 Car park page showed
2024-05-24 00:42:37,792 Car park page showed
2024-05-24 00:42:39,939 Car park page showed
2024-05-24 00:42:41,160 Car park page showed
2024-05-24 00:42:41,950 Car park page showed
2024-05-24 00:42:43,109 Car park page showed
2024-05-24 00:42:44,607 Car park page showed
2024-05-24 00:42:46,260 Car park page showed
2024-05-24 00:42:47,088 Car park page showed
2024-05-24 00:42:51,502 Car park page showed
2024-05-24 00:42:52,815 Index page showed
2024-05-24 00:42:53,972 Privacy policy page showed
2024-05-24 00:42:54,449 About page showed
2024-05-24 00:42:55,246 Index page showed
2024-05-24 00:42:59,101 Car park page showed
2024-05-24 00:43:00,522 Contacts page showed
2024-05-24 00:43:01,558 News list showed
2024-05-24 00:43:02,781 Cat facts showed
2024-05-24 00:43:03,384 News list showed
2024-05-24 00:43:09,413 Glossary page showed
2024-05-24 00:43:09,841 News list showed
2024-05-24 00:43:10,536 Vacancies page showed
2024-05-24 00:43:11,626 Glossary page showed
2024-05-24 00:43:12,215 Reviews page showed
2024-05-24 00:43:13,082 Car body types list showed
2024-05-24 00:43:14,044 Reviews page showed
2024-05-24 00:43:15,021 Fines page showed
2024-05-24 00:43:15,937 Reviews page showed
2024-05-24 00:43:20,327 Index page showed
2024-05-24 00:43:21,272 Reviews page showed
2024-05-24 00:44:00,868 Reviews page showed
2024-05-24 00:44:02,014 Index page showed
2024-05-24 00:44:03,941 User successfuly logout
2024-05-24 00:44:08,050 User successfuly login
2024-05-24 00:44:08,076 Index page showed
2024-05-24 00:44:08,845 Fines page showed
2024-05-24 00:44:09,270 Discounts page showed
2024-05-24 00:44:10,534 User profile showed
2024-05-24 00:44:13,252 Index page showed
2024-05-24 00:44:14,290 Car park page showed
2024-05-24 00:44:14,630 Contacts page showed
2024-05-24 00:44:15,382 Car park page showed
2024-05-24 00:44:16,792 Index page showed
2024-05-24 00:44:17,168 Car park page showed
2024-05-24 00:44:18,619 Car park page showed
2024-05-24 00:44:19,617 Car park page showed
2024-05-24 00:44:20,532 Car park page showed
2024-05-24 00:44:21,701 Index page showed
2024-05-24 00:44:27,813 News list showed
2024-05-24 00:44:28,293 Glossary page showed
2024-05-24 00:44:29,104 Index page showed
2024-05-24 00:46:34,512 Car park page showed
2024-05-24 00:46:34,840 Contacts page showed
2024-05-24 00:46:35,148 Discounts page showed
2024-05-24 00:46:35,683 Fines page showed
2024-05-24 00:46:36,217 Discounts page showed
2024-05-24 00:46:37,656 Index page showed
2024-05-24 00:46:43,997 Car park page showed
2024-05-24 00:46:44,422 Index page showed
2024-05-24 00:47:14,288 Car park page showed
2024-05-24 00:47:15,776 Car park page showed
2024-05-24 00:47:16,500 Index page showed
2024-05-24 00:47:16,783 Car park page showed
2024-05-24 00:47:17,032 Contacts page showed
2024-05-24 00:47:17,299 Discounts page showed
2024-05-24 00:47:17,662 Index page showed
2024-05-24 12:47:29,516 Index page showed
2024-05-24 12:47:31,950 Car park page showed
2024-05-24 12:47:34,490 Index page showed
2024-05-24 12:47:35,372 User profile showed
2024-05-24 12:47:39,396 Index page showed
2024-05-24 12:51:32,722 Index page showed
2024-05-24 12:51:36,079 Car park page showed
2024-05-24 12:51:43,719 Contacts page showed
2024-05-24 12:51:51,667 Discounts page showed
2024-05-24 12:51:57,207 Fines page showed
2024-05-24 12:52:00,048 Reviews page showed
2024-05-24 12:52:32,755 Form is invalid
2024-05-24 12:52:43,457 Review page showed
2024-05-24 12:52:43,462 Reviews page showed
2024-05-24 12:53:02,240 Car park page showed
2024-05-24 12:53:04,785 Car park page showed
2024-05-24 12:53:04,799 Making order page showed
2024-05-24 12:53:19,439 Making order page showed
2024-05-24 12:53:19,479 Order has been successfuly made
2024-05-24 12:53:29,440 User successfuly logout
2024-05-24 12:53:34,704 User successfuly login
2024-05-24 12:53:34,755 Index page showed
2024-05-24 12:53:35,820 List orders showed for worker
2024-05-24 12:53:41,729 Worker give fine to order
2024-05-24 12:53:41,741 List orders showed for worker
2024-05-24 12:53:53,477 List orders showed for worker
2024-05-24 12:54:02,053 Worker give fine to order
2024-05-24 12:54:02,069 List orders showed for worker
2024-05-24 12:54:31,699 User successfuly logout
2024-05-24 12:54:36,058 User successfuly login
2024-05-24 12:54:36,101 Index page showed
2024-05-24 12:54:47,399 List orders showed
2024-05-24 12:54:49,520 Car park page showed
2024-05-24 12:55:15,793 Car park page showed
2024-05-24 12:55:18,869 List orders showed
2024-05-24 12:55:20,215 Car park page showed
2024-05-24 12:55:27,251 User successfuly logout
2024-05-24 12:55:30,763 User successfuly login
2024-05-24 12:55:30,814 Index page showed
2024-05-24 12:55:32,587 Showing statistics
2024-05-24 12:55:47,942 User successfuly logout
2024-09-10 00:53:14,534 Index page showed
2024-09-10 00:53:16,762 Car park page showed
2024-09-10 00:53:17,377 Index page showed
2024-09-10 00:53:18,109 Contacts page showed
2024-09-10 00:53:21,264 Reviews page showed
2024-09-10 00:53:21,690 Vacancies page showed
2024-09-10 00:53:22,056 News list showed
2024-09-10 00:53:22,852 Glossary page showed
2024-09-10 00:53:24,309 About page showed
2024-09-10 00:53:24,638 Cat facts showed
2024-09-10 00:53:25,489 Cat facts showed
2024-09-10 00:53:26,040 Cat facts showed
2024-09-10 00:53:26,689 News list showed
2024-09-10 00:53:28,058 Cat facts showed
2024-09-10 00:53:28,483 Cat facts showed
2024-09-10 00:53:28,697 Cat facts showed
2024-09-10 00:53:28,864 Cat facts showed
2024-09-10 00:53:28,982 Cat facts showed
2024-09-10 00:53:30,639 Privacy policy page showed
2024-09-10 00:53:32,022 Car park page showed
2024-09-10 00:53:32,522 Index page showed
2024-09-10 00:53:33,085 Car park page showed
2024-09-10 00:53:34,640 Car park page showed
2024-09-10 00:53:35,747 Car park page showed
2024-09-10 00:53:36,958 Car park page showed
2024-09-10 00:53:37,560 Contacts page showed
2024-09-10 00:53:38,048 Discounts page showed
2024-09-10 00:53:38,553 Fines page showed
2024-09-10 00:53:51,612 Contacts page showed
2024-09-10 00:54:47,378 Contacts page showed
2024-09-10 00:54:48,698 Contacts page showed
2024-09-10 00:54:49,000 Discounts page showed
2024-09-10 00:54:50,011 Index page showed
2024-09-10 00:55:04,671 Index page showed
2024-09-10 01:10:18,696 User successfuly login
2024-09-10 01:10:18,730 Index page showed
2024-09-10 01:10:19,926 User profile showed
2024-09-10 01:10:21,068 List orders showed for worker
2024-09-10 01:10:22,557 User successfuly logout
2024-09-10 01:10:24,444 Index page showed
2024-09-10 01:10:31,907 User successfuly login
2024-09-10 01:10:31,937 Index page showed
2024-09-10 01:10:33,397 User profile showed
2024-09-10 01:10:34,617 User successfuly logout
2024-09-10 01:14:39,898 Index page showed
2024-09-10 01:14:41,329 Index page showed
2024-09-10 01:14:42,079 Car park page showed
2024-09-10 01:14:42,415 Contacts page showed
2024-09-10 01:14:42,883 Index page showed
2024-09-10 01:14:43,390 Car park page showed
2024-09-10 01:14:43,771 Contacts page showed
2024-09-10 01:14:44,140 Index page showed
2024-09-10 01:15:49,409 Index page showed
2024-09-10 01:16:42,405 Index page showed
2024-09-10 01:16:42,999 Index page showed
2024-09-10 01:16:43,294 Index page showed
2024-09-10 01:16:43,577 Index page showed
2024-09-10 01:16:49,458 Index page showed
2024-09-10 01:16:49,990 Index page showed
2024-09-10 01:16:50,289 Index page showed
2024-09-10 01:16:57,349 Index page showed
2024-09-10 01:16:57,928 Index page showed
2024-09-10 01:16:58,210 Index page showed
2024-09-10 01:16:58,496 Index page showed
2024-09-10 01:17:28,043 Index page showed
2024-09-10 01:17:28,841 Index page showed
2024-09-10 01:17:48,422 Index page showed
2024-09-10 01:17:56,522 Index page showed
2024-09-10 01:24:41,886 Index page showed
2024-09-10 01:24:45,189 Cat facts showed
2024-09-10 01:24:47,298 Index page showed
2024-09-10 01:25:01,871 Index page showed
2024-09-10 01:25:15,461 Index page showed
2024-09-10 01:25:21,172 Index page showed
2024-09-10 01:25:21,935 Index page showed
2024-09-10 01:25:25,270 Index page showed
2024-09-10 01:25:25,668 Index page showed
2024-09-10 01:26:11,312 Index page showed
2024-09-10 01:28:43,923 Index page showed
2024-09-10 01:29:52,982 Index page showed
2024-09-10 01:30:01,578 Index page showed
2024-09-10 01:30:03,654 Index page showed
2024-09-10 01:30:04,076 Index page showed
2024-09-10 01:30:38,665 Index page showed
2024-09-10 01:30:43,469 Index page showed
2024-09-10 01:30:47,231 Index page showed
2024-09-10 01:30:59,156 Index page showed
2024-09-10 01:31:04,225 Index page showed
2024-09-10 01:31:17,495 Index page showed
2024-09-10 01:31:24,622 Index page showed
2024-09-10 01:31:50,056 Index page showed
2024-09-10 01:31:59,721 Index page showed
2024-09-10 01:32:00,287 Index page showed
2024-09-10 01:32:00,581 Index page showed
2024-09-10 01:32:15,272 Index page showed
2024-09-10 01:32:33,983 Index page showed
2024-09-10 01:32:42,019 Index page showed
2024-09-10 01:32:42,626 Index page showed
2024-09-10 01:32:43,060 Index page showed
2024-09-10 01:33:10,412 Index page showed
2024-09-10 01:33:38,661 Index page showed
2024-09-10 01:33:42,648 Index page showed
2024-09-10 01:33:48,772 Index page showed
2024-09-10 01:33:51,318 Index page showed
2024-09-10 01:33:51,938 Car park page showed
2024-09-10 01:33:52,950 Index page showed
2024-09-10 01:34:40,427 Index page showed
2024-09-10 01:34:43,286 Index page showed
2024-09-10 01:34:43,516 Index page showed
2024-09-10 01:34:44,110 Index page showed
2024-09-10 01:34:53,131 Index page showed
2024-09-10 01:34:53,780 Index page showed
2024-09-10 01:35:47,164 Index page showed
2024-09-10 01:37:03,695 Index page showed
2024-09-10 01:37:04,343 Index page showed
2024-09-10 01:37:32,267 Index page showed
2024-09-10 01:37:59,339 Index page showed
2024-09-10 01:38:05,336 Index page showed
2024-09-10 01:38:14,002 Index page showed
2024-09-10 01:38:25,412 Index page showed
2024-09-10 01:38:33,138 Index page showed
2024-09-10 01:38:34,474 Index page showed
2024-09-10 01:38:46,678 Index page showed
2024-09-10 01:39:06,461 Index page showed
2024-09-10 01:39:07,005 Index page showed
2024-09-10 01:39:07,337 Index page showed
2024-09-10 01:39:09,840 Index page showed
2024-09-10 01:39:19,093 Index page showed
2024-09-10 01:39:29,398 Index page showed
2024-09-10 01:39:32,610 Car park page showed
2024-09-10 01:39:33,179 Contacts page showed
2024-09-10 01:39:33,590 Index page showed
2024-09-10 01:40:05,242 Index page showed
2024-09-10 01:40:10,819 User successfuly login
2024-09-10 01:40:10,853 Index page showed
2024-09-10 01:40:12,672 Index page showed
2024-09-10 01:40:14,271 User successfuly logout
2024-09-10 01:40:15,114 Index page showed
2024-09-10 01:41:25,804 Index page showed
2024-09-10 01:41:54,922 Index page showed
2024-09-10 01:42:37,711 Index page showed
2024-09-10 01:42:39,084 Index page showed
2024-09-10 01:42:55,392 Index page showed
2024-09-10 01:42:56,022 Index page showed
2024-09-10 01:42:56,508 Index page showed
2024-09-10 01:43:19,828 Index page showed
2024-09-10 01:44:08,485 Index page showed
2024-09-10 01:44:11,108 Index page showed
2024-09-10 01:44:12,223 Index page showed
2024-09-10 01:44:12,608 Car park page showed
2024-09-10 01:44:14,596 Index page showed
2024-09-10 01:45:09,003 Index page showed
2024-09-10 01:45:11,870 Car park page showed
2024-09-10 01:45:12,244 Index page showed
2024-09-10 01:45:13,567 Contacts page showed
2024-09-10 01:45:14,073 Index page showed
2024-09-10 01:45:18,962 Index page showed
2024-09-10 01:45:19,632 Index page showed
2024-09-10 01:45:21,435 Glossary page showed
2024-09-10 01:45:21,838 Vacancies page showed
2024-09-10 01:45:22,483 Index page showed
2024-09-10 01:45:23,028 Car park page showed
2024-09-10 01:45:23,705 Index page showed
2024-09-10 01:45:26,205 Privacy policy page showed
2024-09-10 01:45:27,062 Car park page showed
2024-09-10 01:45:27,445 Index page showed
2024-09-10 01:45:30,665 Car park page showed
2024-09-10 01:45:51,107 Car park page showed
2024-09-10 01:45:53,193 Index page showed
2024-09-10 01:45:59,350 Index page showed
2024-09-10 01:46:01,151 Car park page showed
2024-09-10 01:46:01,916 Index page showed
2024-09-10 01:46:14,977 Index page showed
2024-09-10 01:46:37,479 Car park page showed
2024-09-10 01:46:38,933 Car park page showed
2024-09-10 01:47:56,780 Index page showed
2024-09-10 01:48:24,271 Index page showed
2024-09-10 01:48:34,118 Index page showed
2024-09-10 01:48:55,541 Index page showed
2024-09-10 01:48:56,149 Index page showed
2024-09-10 01:50:30,131 Index page showed
2024-09-10 01:50:48,613 Index page showed
2024-09-10 01:51:01,485 Index page showed
2024-09-10 01:51:11,460 Index page showed
2024-09-10 01:51:31,398 Index page showed
2024-09-10 01:51:38,007 Index page showed
2024-09-10 01:51:38,454 Car park page showed
2024-09-10 01:51:40,078 Index page showed
2024-09-10 01:51:48,190 Index page showed
2024-09-10 01:52:04,566 Index page showed
2024-09-10 01:52:21,467 Index page showed
2024-09-10 01:52:31,720 User successfuly login
2024-09-10 01:52:31,752 Index page showed
2024-09-10 01:52:36,380 Index page showed
2024-09-10 01:52:38,021 User successfuly logout
2024-09-10 01:52:53,306 Index page showed
2024-09-10 01:53:42,179 Index page showed
2024-09-10 01:54:15,437 Index page showed
2024-09-10 01:56:54,459 Index page showed
2024-09-10 01:57:06,213 Index page showed
2024-09-10 01:57:58,587 Index page showed
2024-09-10 01:58:05,383 User successfuly login
2024-09-10 01:58:05,426 Index page showed
2024-09-10 01:58:08,185 Index page showed
2024-09-10 01:58:10,037 User successfuly logout
2024-09-10 01:58:11,492 Index page showed
2024-09-10 01:59:17,469 Index page showed
2024-09-10 01:59:33,577 Index page showed
2024-09-10 01:59:49,387 Index page showed
2024-09-10 02:00:09,340 Index page showed
2024-09-10 02:00:15,274 User successfuly login
2024-09-10 02:00:15,338 Index page showed
2024-09-10 02:00:22,103 Index page showed
2024-09-10 02:00:22,593 Car park page showed
2024-09-10 02:00:23,368 Index page showed
2024-09-10 02:01:03,572 Index page showed
2024-09-10 02:01:05,533 Index page showed
2024-09-10 02:01:06,332 Car park page showed
2024-09-10 02:01:06,899 Index page showed
2024-09-10 02:01:08,275 User profile showed
2024-09-10 02:01:50,100 User profile showed
2024-09-10 02:02:00,357 User profile showed
2024-09-10 02:02:01,440 User profile showed
2024-09-10 02:02:04,266 User profile showed
2024-09-10 02:02:05,571 User profile showed
2024-09-10 02:02:06,213 Index page showed
2024-09-10 02:02:07,006 User successfuly logout
2024-09-10 02:02:29,666 Index page showed
2024-09-10 02:02:33,687 User successfuly login
2024-09-10 02:02:33,719 Index page showed
2024-09-10 02:02:47,359 Index page showed
2024-09-10 02:02:51,902 User successfuly logout
2024-09-10 02:03:02,403 Index page showed
2024-09-10 02:03:07,303 User successfuly login
2024-09-10 02:03:07,352 Index page showed
2024-09-10 02:03:09,393 User profile showed
2024-09-10 02:03:10,659 Index page showed
2024-09-10 02:03:11,536 User successfuly logout
2024-09-10 02:03:15,419 User successfuly login
2024-09-10 02:03:15,456 Index page showed
2024-09-10 02:03:17,124 User successfuly logout
2024-09-10 02:03:18,648 Index page showed
2024-09-10 02:03:28,875 User successfuly login
2024-09-10 02:03:28,911 Index page showed
2024-09-10 02:05:18,780 Car park page showed
2024-09-10 02:23:51,813 Index page showed
2024-09-10 02:23:53,699 User successfuly logout
2024-09-10 02:23:57,126 User successfuly login
2024-09-10 02:23:57,169 Index page showed
2024-09-10 02:40:53,013 Index page showed
2024-09-10 02:40:55,602 Showing users list
2024-09-10 02:40:56,467 Car body types list showed
2024-09-10 02:40:57,344 Showing users list
2024-09-10 02:40:58,380 Car brand deleted
2024-09-10 02:40:58,965 Car body types list showed
2024-09-10 02:40:59,646 Car brand deleted
2024-09-10 02:41:00,576 Showing statistics
2024-09-10 02:41:07,696 User successfuly logout
2024-09-10 02:41:10,349 User successfuly login
2024-09-10 02:41:10,380 Index page showed
2024-09-10 02:41:34,307 Car park page showed
2024-09-10 02:41:35,751 Index page showed
2024-09-10 02:47:25,578 Index page showed
2024-09-10 02:47:48,788 Index page showed
2024-09-10 02:48:11,115 Index page showed
2024-09-10 02:48:17,083 Index page showed
2024-09-10 02:48:35,152 Index page showed
2024-09-10 02:48:54,225 Index page showed
2024-09-10 02:49:06,685 Index page showed
2024-09-10 02:49:22,438 Index page showed
2024-09-10 02:50:03,249 Index page showed
2024-09-10 02:50:23,746 Index page showed
2024-09-10 02:50:24,563 Index page showed
2024-09-10 02:50:28,673 Index page showed
2024-09-10 02:50:37,377 Index page showed
2024-09-10 02:51:17,611 Index page showed
2024-09-10 02:51:38,606 Index page showed
2024-09-10 02:51:45,763 Index page showed
2024-09-10 02:53:23,436 User successfuly logout
2024-09-10 02:53:30,005 User successfuly login
2024-09-10 02:53:30,038 Index page showed
2024-09-10 02:54:11,515 Index page showed
2024-09-10 02:56:30,698 Index page showed
2024-09-10 02:56:37,638 Index page showed
2024-09-10 02:56:38,387 User successfuly logout
2024-09-10 02:56:40,298 Index page showed
2024-09-10 02:57:24,087 Index page showed
2024-09-10 02:57:51,302 Index page showed
2024-09-10 02:58:17,032 Index page showed
2024-09-10 02:58:30,610 Index page showed
2024-09-10 02:58:31,253 Index page showed
2024-09-10 02:59:13,977 Index page showed
2024-09-10 02:59:19,725 Index page showed
2024-09-10 03:00:16,181 Index page showed
2024-09-10 03:00:39,083 Index page showed
2024-09-10 03:00:52,431 Index page showed
2024-09-10 03:01:35,651 Index page showed
2024-09-10 03:01:55,252 Index page showed
2024-09-10 03:02:12,670 Index page showed
2024-09-10 03:02:36,400 Index page showed
2024-09-10 03:02:50,704 Index page showed
2024-09-10 03:03:03,562 Index page showed
2024-09-10 03:03:04,244 Index page showed
2024-09-10 03:03:05,344 Index page showed
2024-09-10 03:03:37,574 Index page showed
2024-09-10 03:03:39,203 Index page showed
2024-09-10 03:03:52,181 Index page showed
2024-09-10 03:03:57,420 Index page showed
2024-09-10 03:04:10,462 Index page showed
2024-09-10 03:04:24,328 Index page showed
2024-09-10 12:50:28,174 Index page showed
2024-09-10 12:50:34,241 User successfuly login
2024-09-10 12:50:34,279 Index page showed
2024-09-10 12:51:25,637 Index page showed
2024-09-10 12:51:35,972 Index page showed
2024-09-10 12:53:37,547 Index page showed
2024-09-10 12:54:03,743 Car park page showed
2024-09-10 12:54:06,973 User successfuly logout
2024-09-10 12:54:09,850 User successfuly login
2024-09-10 12:54:09,894 Index page showed
2024-09-10 12:54:11,463 Car park page showed
2024-09-10 12:54:35,289 Car park page showed
2024-09-10 12:54:35,305 Making order page showed
2024-09-10 12:54:42,295 Car park page showed
2024-09-10 12:54:42,316 Making order page showed
2024-09-10 17:29:19,341 Car park page showed
2024-09-10 17:29:24,426 User profile showed
2024-09-10 17:30:37,122 User profile showed
2024-09-10 17:30:40,951 User profile showed
2024-09-10 17:30:42,259 User profile showed
2024-09-10 17:30:43,144 User successfuly logout
2024-09-10 17:30:44,315 Index page showed
2024-09-10 17:30:59,477 Car park page showed
2024-09-10 17:31:00,115 Contacts page showed
2024-09-10 17:31:17,540 Index page showed
2024-09-10 17:31:37,459 Contacts page showed
2024-09-10 17:31:37,937 Car park page showed
